[ 2016-02-24T16:47:01+08:00 ] 127.0.0.1 /2016/thinkphp/
INFO: [ app_init ] --START--
INFO: Run Behavior\BuildLiteBehavior [ RunTime:0.000070s ]
INFO: [ app_init ] --END-- [ RunTime:0.041850s ]
INFO: [ app_begin ] --START--
INFO: Run Behavior\ReadHtmlCacheBehavior [ RunTime:0.001335s ]
INFO: [ app_begin ] --END-- [ RunTime:0.001596s ]
INFO: [ view_parse ] --START--
INFO: [ template_filter ] --START--
INFO: Run Behavior\ContentReplaceBehavior [ RunTime:0.000135s ]
INFO: [ template_filter ] --END-- [ RunTime:0.000563s ]
INFO: Run Behavior\ParseTemplateBehavior [ RunTime:0.050437s ]
INFO: [ view_parse ] --END-- [ RunTime:0.051151s ]
INFO: [ view_filter ] --START--
INFO: Run Behavior\WriteHtmlCacheBehavior [ RunTime:0.001014s ]
INFO: [ view_filter ] --END-- [ RunTime:0.001238s ]
INFO: [ app_end ] --START--
INFO: Run Behavior\ShowPageTraceBehavior [ RunTime:0.017018s ]
INFO: [ app_end ] --END-- [ RunTime:0.017275s ]

[ 2016-02-24T16:47:16+08:00 ] 127.0.0.1 /2016/thinkphp/Home/Db/index
INFO: [ app_init ] --START--
INFO: Run Behavior\BuildLiteBehavior [ RunTime:0.000079s ]
INFO: [ app_init ] --END-- [ RunTime:0.001591s ]
INFO: [ app_begin ] --START--
INFO: Run Behavior\ReadHtmlCacheBehavior [ RunTime:0.001677s ]
INFO: [ app_begin ] --END-- [ RunTime:0.002199s ]
ERR: 无法加载控制器:Db

[ 2016-02-24T16:47:25+08:00 ] 127.0.0.1 /2016/thinkphp/Home/Zoo/index
INFO: [ app_init ] --START--
INFO: Run Behavior\BuildLiteBehavior [ RunTime:0.000048s ]
INFO: [ app_init ] --END-- [ RunTime:0.000837s ]
INFO: [ app_begin ] --START--
INFO: Run Behavior\ReadHtmlCacheBehavior [ RunTime:0.001449s ]
INFO: [ app_begin ] --END-- [ RunTime:0.001844s ]
SQL: SHOW COLUMNS FROM `tb_zoo` [ RunTime:0.0659s ]
SQL: SELECT * FROM `tb_zoo`  [ RunTime:0.0007s ]
INFO: [ view_parse ] --START--
INFO: [ template_filter ] --START--
INFO: Run Behavior\ContentReplaceBehavior [ RunTime:0.000111s ]
INFO: [ template_filter ] --END-- [ RunTime:0.000376s ]
NOTIC: [8] Use of undefined constant add - assumed 'add' G:\wamp\www\2016\thinkphp\Application\Runtime\Cache\Home\4bf19818434dd7906d49ee89a8f4ac9c.php 第 30 行.
INFO: Run Behavior\ParseTemplateBehavior [ RunTime:0.052209s ]
INFO: [ view_parse ] --END-- [ RunTime:0.052675s ]
INFO: [ view_filter ] --START--
INFO: Run Behavior\WriteHtmlCacheBehavior [ RunTime:0.000727s ]
INFO: [ view_filter ] --END-- [ RunTime:0.000952s ]
INFO: [ app_end ] --START--
INFO: Run Behavior\ShowPageTraceBehavior [ RunTime:0.001022s ]
INFO: [ app_end ] --END-- [ RunTime:0.001271s ]

[ 2016-02-24T16:47:31+08:00 ] 127.0.0.1 /2016/thinkphp/Home/Zoo/add.html
INFO: [ app_init ] --START--
INFO: Run Behavior\BuildLiteBehavior [ RunTime:0.000064s ]
INFO: [ app_init ] --END-- [ RunTime:0.001382s ]
INFO: [ app_begin ] --START--
INFO: Run Behavior\ReadHtmlCacheBehavior [ RunTime:0.001220s ]
INFO: [ app_begin ] --END-- [ RunTime:0.003483s ]
INFO: [ view_parse ] --START--
INFO: [ template_filter ] --START--
INFO: Run Behavior\ContentReplaceBehavior [ RunTime:0.000101s ]
INFO: [ template_filter ] --END-- [ RunTime:0.000332s ]
INFO: Run Behavior\ParseTemplateBehavior [ RunTime:0.014084s ]
INFO: [ view_parse ] --END-- [ RunTime:0.014479s ]
INFO: [ view_filter ] --START--
INFO: Run Behavior\WriteHtmlCacheBehavior [ RunTime:0.000536s ]
INFO: [ view_filter ] --END-- [ RunTime:0.000773s ]
INFO: [ app_end ] --START--
INFO: Run Behavior\ShowPageTraceBehavior [ RunTime:0.000809s ]
INFO: [ app_end ] --END-- [ RunTime:0.001033s ]

[ 2016-02-24T16:48:21+08:00 ] 127.0.0.1 /2016/thinkphp/Home/Zoo/add.html
INFO: [ app_init ] --START--
INFO: Run Behavior\BuildLiteBehavior [ RunTime:0.000047s ]
INFO: [ app_init ] --END-- [ RunTime:0.000796s ]
INFO: [ app_begin ] --START--
INFO: Run Behavior\ReadHtmlCacheBehavior [ RunTime:0.000921s ]
INFO: [ app_begin ] --END-- [ RunTime:0.001222s ]
SQL: SHOW COLUMNS FROM `tb_zoo` [ RunTime:0.0055s ]
SQL: INSERT INTO `tb_zoo` (`name`,`category`,`num`) VALUES ('猪','哺乳动物','5') [ RunTime:0.0572s ]
INFO: [ view_parse ] --START--
INFO: [ template_filter ] --START--
INFO: Run Behavior\ContentReplaceBehavior [ RunTime:0.000154s ]
INFO: [ template_filter ] --END-- [ RunTime:0.000532s ]
INFO: Run Behavior\ParseTemplateBehavior [ RunTime:0.024754s ]
INFO: [ view_parse ] --END-- [ RunTime:0.025039s ]
INFO: [ view_filter ] --START--
INFO: Run Behavior\WriteHtmlCacheBehavior [ RunTime:0.000782s ]
INFO: [ view_filter ] --END-- [ RunTime:0.001035s ]
INFO: [ app_end ] --START--
INFO: Run Behavior\ShowPageTraceBehavior [ RunTime:0.000822s ]
INFO: [ app_end ] --END-- [ RunTime:0.001120s ]

[ 2016-02-24T16:48:22+08:00 ] 127.0.0.1 /2016/thinkphp/Home/Zoo/index
INFO: [ app_init ] --START--
INFO: Run Behavior\BuildLiteBehavior [ RunTime:0.000068s ]
INFO: [ app_init ] --END-- [ RunTime:0.001337s ]
INFO: [ app_begin ] --START--
INFO: Run Behavior\ReadHtmlCacheBehavior [ RunTime:0.000919s ]
INFO: [ app_begin ] --END-- [ RunTime:0.001200s ]
SQL: SHOW COLUMNS FROM `tb_zoo` [ RunTime:0.0081s ]
SQL: SELECT * FROM `tb_zoo`  [ RunTime:0.0007s ]
INFO: [ view_parse ] --START--
INFO: [ template_filter ] --START--
INFO: Run Behavior\ContentReplaceBehavior [ RunTime:0.000140s ]
INFO: [ template_filter ] --END-- [ RunTime:0.000454s ]
NOTIC: [8] Use of undefined constant add - assumed 'add' G:\wamp\www\2016\thinkphp\Application\Runtime\Cache\Home\4bf19818434dd7906d49ee89a8f4ac9c.php 第 30 行.
INFO: Run Behavior\ParseTemplateBehavior [ RunTime:0.021754s ]
INFO: [ view_parse ] --END-- [ RunTime:0.022051s ]
INFO: [ view_filter ] --START--
INFO: Run Behavior\WriteHtmlCacheBehavior [ RunTime:0.000732s ]
INFO: [ view_filter ] --END-- [ RunTime:0.001017s ]
INFO: [ app_end ] --START--
INFO: Run Behavior\ShowPageTraceBehavior [ RunTime:0.001652s ]
INFO: [ app_end ] --END-- [ RunTime:0.002226s ]

[ 2016-02-24T16:48:26+08:00 ] 127.0.0.1 /2016/thinkphp/Home/Zoo/del/id/3.html
INFO: [ app_init ] --START--
INFO: Run Behavior\BuildLiteBehavior [ RunTime:0.000075s ]
INFO: [ app_init ] --END-- [ RunTime:0.001160s ]
INFO: [ app_begin ] --START--
INFO: Run Behavior\ReadHtmlCacheBehavior [ RunTime:0.001045s ]
INFO: [ app_begin ] --END-- [ RunTime:0.001331s ]
SQL: SHOW COLUMNS FROM `tb_zoo` [ RunTime:0.0058s ]
SQL: DELETE FROM `tb_zoo` WHERE `id` = 3 [ RunTime:0.1020s ]
INFO: [ view_parse ] --START--
INFO: [ template_filter ] --START--
INFO: Run Behavior\ContentReplaceBehavior [ RunTime:0.000112s ]
INFO: [ template_filter ] --END-- [ RunTime:0.000340s ]
INFO: Run Behavior\ParseTemplateBehavior [ RunTime:0.020235s ]
INFO: [ view_parse ] --END-- [ RunTime:0.020593s ]
INFO: [ view_filter ] --START--
INFO: Run Behavior\WriteHtmlCacheBehavior [ RunTime:0.000572s ]
INFO: [ view_filter ] --END-- [ RunTime:0.000821s ]
INFO: [ app_end ] --START--
INFO: Run Behavior\ShowPageTraceBehavior [ RunTime:0.000784s ]
INFO: [ app_end ] --END-- [ RunTime:0.001040s ]

[ 2016-02-24T16:48:27+08:00 ] 127.0.0.1 /2016/thinkphp/Home/Zoo/index
INFO: [ app_init ] --START--
INFO: Run Behavior\BuildLiteBehavior [ RunTime:0.000064s ]
INFO: [ app_init ] --END-- [ RunTime:0.001130s ]
INFO: [ app_begin ] --START--
INFO: Run Behavior\ReadHtmlCacheBehavior [ RunTime:0.001668s ]
INFO: [ app_begin ] --END-- [ RunTime:0.001969s ]
SQL: SHOW COLUMNS FROM `tb_zoo` [ RunTime:0.0060s ]
SQL: SELECT * FROM `tb_zoo`  [ RunTime:0.0004s ]
INFO: [ view_parse ] --START--
INFO: [ template_filter ] --START--
INFO: Run Behavior\ContentReplaceBehavior [ RunTime:0.000146s ]
INFO: [ template_filter ] --END-- [ RunTime:0.000467s ]
NOTIC: [8] Use of undefined constant add - assumed 'add' G:\wamp\www\2016\thinkphp\Application\Runtime\Cache\Home\4bf19818434dd7906d49ee89a8f4ac9c.php 第 30 行.
INFO: Run Behavior\ParseTemplateBehavior [ RunTime:0.022624s ]
INFO: [ view_parse ] --END-- [ RunTime:0.022937s ]
INFO: [ view_filter ] --START--
INFO: Run Behavior\WriteHtmlCacheBehavior [ RunTime:0.000791s ]
INFO: [ view_filter ] --END-- [ RunTime:0.001120s ]
INFO: [ app_end ] --START--
INFO: Run Behavior\ShowPageTraceBehavior [ RunTime:0.001221s ]
INFO: [ app_end ] --END-- [ RunTime:0.001526s ]

[ 2016-02-24T16:48:31+08:00 ] 127.0.0.1 /2016/thinkphp/Home/Zoo/edit/id/4.html
INFO: [ app_init ] --START--
INFO: Run Behavior\BuildLiteBehavior [ RunTime:0.000060s ]
INFO: [ app_init ] --END-- [ RunTime:0.001409s ]
INFO: [ app_begin ] --START--
INFO: Run Behavior\ReadHtmlCacheBehavior [ RunTime:0.001306s ]
INFO: [ app_begin ] --END-- [ RunTime:0.001669s ]
SQL: SHOW COLUMNS FROM `tb_zoo` [ RunTime:0.0059s ]
SQL: SELECT * FROM `tb_zoo` WHERE `id` = 4 LIMIT 1   [ RunTime:0.0017s ]
INFO: [ view_parse ] --START--
INFO: [ template_filter ] --START--
INFO: Run Behavior\ContentReplaceBehavior [ RunTime:0.000100s ]
INFO: [ template_filter ] --END-- [ RunTime:0.000325s ]
NOTIC: [8] Undefined variable: Zoo_info G:\wamp\www\2016\thinkphp\Application\Runtime\Cache\Home\691513b20b92cf6055732dbc5b9d32a8.php 第 12 行.
NOTIC: [8] Undefined variable: Zoo_info G:\wamp\www\2016\thinkphp\Application\Runtime\Cache\Home\691513b20b92cf6055732dbc5b9d32a8.php 第 14 行.
NOTIC: [8] Undefined variable: Zoo_info G:\wamp\www\2016\thinkphp\Application\Runtime\Cache\Home\691513b20b92cf6055732dbc5b9d32a8.php 第 16 行.
NOTIC: [8] Undefined variable: Zoo_info G:\wamp\www\2016\thinkphp\Application\Runtime\Cache\Home\691513b20b92cf6055732dbc5b9d32a8.php 第 17 行.
INFO: Run Behavior\ParseTemplateBehavior [ RunTime:0.018548s ]
INFO: [ view_parse ] --END-- [ RunTime:0.019056s ]
INFO: [ view_filter ] --START--
INFO: Run Behavior\WriteHtmlCacheBehavior [ RunTime:0.001970s ]
INFO: [ view_filter ] --END-- [ RunTime:0.002260s ]
INFO: [ app_end ] --START--
INFO: Run Behavior\ShowPageTraceBehavior [ RunTime:0.000817s ]
INFO: [ app_end ] --END-- [ RunTime:0.001044s ]

[ 2016-02-24T16:48:33+08:00 ] 127.0.0.1 /2016/thinkphp/Home/Zoo/edit.html
INFO: [ app_init ] --START--
INFO: Run Behavior\BuildLiteBehavior [ RunTime:0.000061s ]
INFO: [ app_init ] --END-- [ RunTime:0.001356s ]
INFO: [ app_begin ] --START--
INFO: Run Behavior\ReadHtmlCacheBehavior [ RunTime:0.000782s ]
INFO: [ app_begin ] --END-- [ RunTime:0.001031s ]
SQL: SHOW COLUMNS FROM `tb_zoo` [ RunTime:0.0059s ]
SQL: UPDATE `tb_zoo` SET `name`='',`category`='',`num`='0' WHERE `id` = 0 [ RunTime:0.0005s ]
INFO: [ view_parse ] --START--
INFO: [ template_filter ] --START--
INFO: Run Behavior\ContentReplaceBehavior [ RunTime:0.000106s ]
INFO: [ template_filter ] --END-- [ RunTime:0.000330s ]
INFO: Run Behavior\ParseTemplateBehavior [ RunTime:0.011150s ]
INFO: [ view_parse ] --END-- [ RunTime:0.011477s ]
INFO: [ view_filter ] --START--
INFO: Run Behavior\WriteHtmlCacheBehavior [ RunTime:0.000963s ]
INFO: [ view_filter ] --END-- [ RunTime:0.001285s ]

[ 2016-02-24T17:08:21+08:00 ] 127.0.0.1 /2016/thinkphp/Home/Zoo/index
INFO: [ app_init ] --START--
INFO: Run Behavior\BuildLiteBehavior [ RunTime:0.000058s ]
INFO: [ app_init ] --END-- [ RunTime:0.002167s ]
INFO: [ app_begin ] --START--
INFO: Run Behavior\ReadHtmlCacheBehavior [ RunTime:0.000951s ]
INFO: [ app_begin ] --END-- [ RunTime:0.001191s ]
SQL: SHOW COLUMNS FROM `tb_zoo` [ RunTime:0.0052s ]
SQL: SELECT * FROM `tb_zoo`  [ RunTime:0.0004s ]
INFO: [ view_parse ] --START--
INFO: [ template_filter ] --START--
INFO: Run Behavior\ContentReplaceBehavior [ RunTime:0.000107s ]
INFO: [ template_filter ] --END-- [ RunTime:0.000339s ]
NOTIC: [8] Use of undefined constant add - assumed 'add' G:\wamp\www\2016\thinkphp\Application\Runtime\Cache\Home\4bf19818434dd7906d49ee89a8f4ac9c.php 第 31 行.
INFO: Run Behavior\ParseTemplateBehavior [ RunTime:0.019063s ]
INFO: [ view_parse ] --END-- [ RunTime:0.019471s ]
INFO: [ view_filter ] --START--
INFO: Run Behavior\WriteHtmlCacheBehavior [ RunTime:0.004172s ]
INFO: [ view_filter ] --END-- [ RunTime:0.004482s ]
INFO: [ app_end ] --START--
INFO: Run Behavior\ShowPageTraceBehavior [ RunTime:0.001000s ]
INFO: [ app_end ] --END-- [ RunTime:0.001228s ]

[ 2016-02-24T17:08:44+08:00 ] 127.0.0.1 /2016/thinkphp/Home/Zoo/index
INFO: [ app_init ] --START--
INFO: Run Behavior\BuildLiteBehavior [ RunTime:0.000048s ]
INFO: [ app_init ] --END-- [ RunTime:0.000886s ]
INFO: [ app_begin ] --START--
INFO: Run Behavior\ReadHtmlCacheBehavior [ RunTime:0.001606s ]
INFO: [ app_begin ] --END-- [ RunTime:0.001903s ]
SQL: SHOW COLUMNS FROM `tb_zoo` [ RunTime:0.0073s ]
SQL: SELECT * FROM `tb_zoo`  [ RunTime:0.0004s ]
INFO: [ view_parse ] --START--
INFO: [ template_filter ] --START--
INFO: Run Behavior\ContentReplaceBehavior [ RunTime:0.000145s ]
INFO: [ template_filter ] --END-- [ RunTime:0.000470s ]
NOTIC: [8] Use of undefined constant add - assumed 'add' G:\wamp\www\2016\thinkphp\Application\Runtime\Cache\Home\4bf19818434dd7906d49ee89a8f4ac9c.php 第 31 行.
INFO: Run Behavior\ParseTemplateBehavior [ RunTime:0.023376s ]
INFO: [ view_parse ] --END-- [ RunTime:0.023791s ]
INFO: [ view_filter ] --START--
INFO: Run Behavior\WriteHtmlCacheBehavior [ RunTime:0.001566s ]
INFO: [ view_filter ] --END-- [ RunTime:0.001917s ]
INFO: [ app_end ] --START--
INFO: Run Behavior\ShowPageTraceBehavior [ RunTime:0.001277s ]
INFO: [ app_end ] --END-- [ RunTime:0.001601s ]

[ 2016-02-24T17:08:57+08:00 ] 127.0.0.1 /2016/thinkphp/Home/Zoo/index
INFO: [ app_init ] --START--
INFO: Run Behavior\BuildLiteBehavior [ RunTime:0.000048s ]
INFO: [ app_init ] --END-- [ RunTime:0.000785s ]
INFO: [ app_begin ] --START--
INFO: Run Behavior\ReadHtmlCacheBehavior [ RunTime:0.000874s ]
INFO: [ app_begin ] --END-- [ RunTime:0.001110s ]
SQL: SHOW COLUMNS FROM `tb_zoo` [ RunTime:0.0072s ]
SQL: SELECT * FROM `tb_zoo`  [ RunTime:0.0005s ]
INFO: [ view_parse ] --START--
INFO: [ template_filter ] --START--
INFO: Run Behavior\ContentReplaceBehavior [ RunTime:0.000106s ]
INFO: [ template_filter ] --END-- [ RunTime:0.000331s ]
NOTIC: [8] Use of undefined constant add - assumed 'add' G:\wamp\www\2016\thinkphp\Application\Runtime\Cache\Home\4bf19818434dd7906d49ee89a8f4ac9c.php 第 32 行.
INFO: Run Behavior\ParseTemplateBehavior [ RunTime:0.013915s ]
INFO: [ view_parse ] --END-- [ RunTime:0.014152s ]
INFO: [ view_filter ] --START--
INFO: Run Behavior\WriteHtmlCacheBehavior [ RunTime:0.000600s ]
INFO: [ view_filter ] --END-- [ RunTime:0.000844s ]
INFO: [ app_end ] --START--
INFO: Run Behavior\ShowPageTraceBehavior [ RunTime:0.000850s ]
INFO: [ app_end ] --END-- [ RunTime:0.001110s ]

[ 2016-02-24T17:08:58+08:00 ] 127.0.0.1 /2016/thinkphp/Home/Zoo/index
INFO: [ app_init ] --START--
INFO: Run Behavior\BuildLiteBehavior [ RunTime:0.000046s ]
INFO: [ app_init ] --END-- [ RunTime:0.000852s ]
INFO: [ app_begin ] --START--
INFO: Run Behavior\ReadHtmlCacheBehavior [ RunTime:0.001012s ]
INFO: [ app_begin ] --END-- [ RunTime:0.001335s ]
SQL: SHOW COLUMNS FROM `tb_zoo` [ RunTime:0.0062s ]
SQL: SELECT * FROM `tb_zoo`  [ RunTime:0.0006s ]
INFO: [ view_parse ] --START--
INFO: [ template_filter ] --START--
INFO: Run Behavior\ContentReplaceBehavior [ RunTime:0.000109s ]
INFO: [ template_filter ] --END-- [ RunTime:0.000343s ]
NOTIC: [8] Use of undefined constant add - assumed 'add' G:\wamp\www\2016\thinkphp\Application\Runtime\Cache\Home\4bf19818434dd7906d49ee89a8f4ac9c.php 第 32 行.
INFO: Run Behavior\ParseTemplateBehavior [ RunTime:0.014760s ]
INFO: [ view_parse ] --END-- [ RunTime:0.015007s ]
INFO: [ view_filter ] --START--
INFO: Run Behavior\WriteHtmlCacheBehavior [ RunTime:0.000667s ]
INFO: [ view_filter ] --END-- [ RunTime:0.000906s ]
INFO: [ app_end ] --START--
INFO: Run Behavior\ShowPageTraceBehavior [ RunTime:0.001438s ]
INFO: [ app_end ] --END-- [ RunTime:0.001772s ]

[ 2016-02-24T17:09:02+08:00 ] 127.0.0.1 /2016/thinkphp/Home/Zoo/index
INFO: [ app_init ] --START--
INFO: Run Behavior\BuildLiteBehavior [ RunTime:0.000048s ]
INFO: [ app_init ] --END-- [ RunTime:0.000799s ]
INFO: [ app_begin ] --START--
INFO: Run Behavior\ReadHtmlCacheBehavior [ RunTime:0.001211s ]
INFO: [ app_begin ] --END-- [ RunTime:0.001549s ]
SQL: SHOW COLUMNS FROM `tb_zoo` [ RunTime:0.0078s ]
SQL: SELECT * FROM `tb_zoo`  [ RunTime:0.0004s ]
INFO: [ view_parse ] --START--
INFO: [ template_filter ] --START--
INFO: Run Behavior\ContentReplaceBehavior [ RunTime:0.000155s ]
INFO: [ template_filter ] --END-- [ RunTime:0.000384s ]
NOTIC: [8] Use of undefined constant add - assumed 'add' G:\wamp\www\2016\thinkphp\Application\Runtime\Cache\Home\4bf19818434dd7906d49ee89a8f4ac9c.php 第 31 行.
INFO: Run Behavior\ParseTemplateBehavior [ RunTime:0.015881s ]
INFO: [ view_parse ] --END-- [ RunTime:0.016151s ]
INFO: [ view_filter ] --START--
INFO: Run Behavior\WriteHtmlCacheBehavior [ RunTime:0.001011s ]
INFO: [ view_filter ] --END-- [ RunTime:0.001449s ]
INFO: [ app_end ] --START--
INFO: Run Behavior\ShowPageTraceBehavior [ RunTime:0.001185s ]
INFO: [ app_end ] --END-- [ RunTime:0.001470s ]

[ 2016-02-24T17:09:03+08:00 ] 127.0.0.1 /2016/thinkphp/Home/Zoo/index
INFO: [ app_init ] --START--
INFO: Run Behavior\BuildLiteBehavior [ RunTime:0.000046s ]
INFO: [ app_init ] --END-- [ RunTime:0.000816s ]
INFO: [ app_begin ] --START--
INFO: Run Behavior\ReadHtmlCacheBehavior [ RunTime:0.000799s ]
INFO: [ app_begin ] --END-- [ RunTime:0.001035s ]
SQL: SHOW COLUMNS FROM `tb_zoo` [ RunTime:0.0062s ]
SQL: SELECT * FROM `tb_zoo`  [ RunTime:0.0004s ]
INFO: [ view_parse ] --START--
INFO: [ template_filter ] --START--
INFO: Run Behavior\ContentReplaceBehavior [ RunTime:0.000106s ]
INFO: [ template_filter ] --END-- [ RunTime:0.000351s ]
NOTIC: [8] Use of undefined constant add - assumed 'add' G:\wamp\www\2016\thinkphp\Application\Runtime\Cache\Home\4bf19818434dd7906d49ee89a8f4ac9c.php 第 31 行.
INFO: Run Behavior\ParseTemplateBehavior [ RunTime:0.016980s ]
INFO: [ view_parse ] --END-- [ RunTime:0.017204s ]
INFO: [ view_filter ] --START--
INFO: Run Behavior\WriteHtmlCacheBehavior [ RunTime:0.000611s ]
INFO: [ view_filter ] --END-- [ RunTime:0.000832s ]
INFO: [ app_end ] --START--
INFO: Run Behavior\ShowPageTraceBehavior [ RunTime:0.001096s ]
INFO: [ app_end ] --END-- [ RunTime:0.001548s ]

[ 2016-02-24T17:09:04+08:00 ] 127.0.0.1 /2016/thinkphp/Home/Zoo/index
INFO: [ app_init ] --START--
INFO: Run Behavior\BuildLiteBehavior [ RunTime:0.000046s ]
INFO: [ app_init ] --END-- [ RunTime:0.000759s ]
INFO: [ app_begin ] --START--
INFO: Run Behavior\ReadHtmlCacheBehavior [ RunTime:0.000773s ]
INFO: [ app_begin ] --END-- [ RunTime:0.001009s ]
SQL: SHOW COLUMNS FROM `tb_zoo` [ RunTime:0.0053s ]
SQL: SELECT * FROM `tb_zoo`  [ RunTime:0.0004s ]
INFO: [ view_parse ] --START--
INFO: [ template_filter ] --START--
INFO: Run Behavior\ContentReplaceBehavior [ RunTime:0.000144s ]
INFO: [ template_filter ] --END-- [ RunTime:0.000461s ]
NOTIC: [8] Use of undefined constant add - assumed 'add' G:\wamp\www\2016\thinkphp\Application\Runtime\Cache\Home\4bf19818434dd7906d49ee89a8f4ac9c.php 第 31 行.
INFO: Run Behavior\ParseTemplateBehavior [ RunTime:0.016342s ]
INFO: [ view_parse ] --END-- [ RunTime:0.016669s ]
INFO: [ view_filter ] --START--
INFO: Run Behavior\WriteHtmlCacheBehavior [ RunTime:0.001261s ]
INFO: [ view_filter ] --END-- [ RunTime:0.001574s ]
INFO: [ app_end ] --START--
INFO: Run Behavior\ShowPageTraceBehavior [ RunTime:0.001343s ]
INFO: [ app_end ] --END-- [ RunTime:0.001653s ]

[ 2016-02-24T17:09:08+08:00 ] 127.0.0.1 /2016/thinkphp/Home/Zoo/index
INFO: [ app_init ] --START--
INFO: Run Behavior\BuildLiteBehavior [ RunTime:0.000173s ]
INFO: [ app_init ] --END-- [ RunTime:0.003100s ]
INFO: [ app_begin ] --START--
INFO: Run Behavior\ReadHtmlCacheBehavior [ RunTime:0.000772s ]
INFO: [ app_begin ] --END-- [ RunTime:0.001057s ]
SQL: SHOW COLUMNS FROM `tb_zoo` [ RunTime:0.0074s ]
SQL: SELECT * FROM `tb_zoo`  [ RunTime:0.0005s ]
INFO: [ view_parse ] --START--
INFO: [ template_filter ] --START--
INFO: Run Behavior\ContentReplaceBehavior [ RunTime:0.000142s ]
INFO: [ template_filter ] --END-- [ RunTime:0.000567s ]
NOTIC: [8] Use of undefined constant add - assumed 'add' G:\wamp\www\2016\thinkphp\Application\Runtime\Cache\Home\4bf19818434dd7906d49ee89a8f4ac9c.php 第 31 行.
INFO: Run Behavior\ParseTemplateBehavior [ RunTime:0.016063s ]
INFO: [ view_parse ] --END-- [ RunTime:0.016324s ]
INFO: [ view_filter ] --START--
INFO: Run Behavior\WriteHtmlCacheBehavior [ RunTime:0.000645s ]
INFO: [ view_filter ] --END-- [ RunTime:0.000868s ]
INFO: [ app_end ] --START--
INFO: Run Behavior\ShowPageTraceBehavior [ RunTime:0.000829s ]
INFO: [ app_end ] --END-- [ RunTime:0.001046s ]

[ 2016-02-24T17:09:11+08:00 ] 127.0.0.1 /2016/thinkphp/Home/Zoo/add.html
INFO: [ app_init ] --START--
INFO: Run Behavior\BuildLiteBehavior [ RunTime:0.000066s ]
INFO: [ app_init ] --END-- [ RunTime:0.001610s ]
INFO: [ app_begin ] --START--
INFO: Run Behavior\ReadHtmlCacheBehavior [ RunTime:0.002343s ]
INFO: [ app_begin ] --END-- [ RunTime:0.002898s ]
INFO: [ view_parse ] --START--
INFO: [ template_filter ] --START--
INFO: Run Behavior\ContentReplaceBehavior [ RunTime:0.000101s ]
INFO: [ template_filter ] --END-- [ RunTime:0.000353s ]
INFO: Run Behavior\ParseTemplateBehavior [ RunTime:0.011969s ]
INFO: [ view_parse ] --END-- [ RunTime:0.012263s ]
INFO: [ view_filter ] --START--
INFO: Run Behavior\WriteHtmlCacheBehavior [ RunTime:0.000582s ]
INFO: [ view_filter ] --END-- [ RunTime:0.000816s ]
INFO: [ app_end ] --START--
INFO: Run Behavior\ShowPageTraceBehavior [ RunTime:0.000837s ]
INFO: [ app_end ] --END-- [ RunTime:0.001103s ]

[ 2016-02-24T17:09:47+08:00 ] 127.0.0.1 /2016/thinkphp/Home/Zoo/index
INFO: [ app_init ] --START--
INFO: Run Behavior\BuildLiteBehavior [ RunTime:0.000058s ]
INFO: [ app_init ] --END-- [ RunTime:0.001002s ]
INFO: [ app_begin ] --START--
INFO: Run Behavior\ReadHtmlCacheBehavior [ RunTime:0.001289s ]
INFO: [ app_begin ] --END-- [ RunTime:0.001588s ]
SQL: SHOW COLUMNS FROM `tb_zoo` [ RunTime:0.0070s ]
SQL: SELECT * FROM `tb_zoo`  [ RunTime:0.0009s ]
INFO: [ view_parse ] --START--
INFO: [ template_filter ] --START--
INFO: Run Behavior\ContentReplaceBehavior [ RunTime:0.000159s ]
INFO: [ template_filter ] --END-- [ RunTime:0.000565s ]
NOTIC: [8] Use of undefined constant add - assumed 'add' G:\wamp\www\2016\thinkphp\Application\Runtime\Cache\Home\4bf19818434dd7906d49ee89a8f4ac9c.php 第 31 行.
INFO: Run Behavior\ParseTemplateBehavior [ RunTime:0.032947s ]
INFO: [ view_parse ] --END-- [ RunTime:0.033281s ]
INFO: [ view_filter ] --START--
INFO: Run Behavior\WriteHtmlCacheBehavior [ RunTime:0.000737s ]
INFO: [ view_filter ] --END-- [ RunTime:0.001128s ]
INFO: [ app_end ] --START--
INFO: Run Behavior\ShowPageTraceBehavior [ RunTime:0.001136s ]
INFO: [ app_end ] --END-- [ RunTime:0.001408s ]

[ 2016-02-24T17:09:48+08:00 ] 127.0.0.1 /2016/thinkphp/Home/Zoo/index
INFO: [ app_init ] --START--
INFO: Run Behavior\BuildLiteBehavior [ RunTime:0.000063s ]
INFO: [ app_init ] --END-- [ RunTime:0.001183s ]
INFO: [ app_begin ] --START--
INFO: Run Behavior\ReadHtmlCacheBehavior [ RunTime:0.001372s ]
INFO: [ app_begin ] --END-- [ RunTime:0.001711s ]
SQL: SHOW COLUMNS FROM `tb_zoo` [ RunTime:0.0074s ]
SQL: SELECT * FROM `tb_zoo`  [ RunTime:0.0004s ]
INFO: [ view_parse ] --START--
INFO: [ template_filter ] --START--
INFO: Run Behavior\ContentReplaceBehavior [ RunTime:0.000148s ]
INFO: [ template_filter ] --END-- [ RunTime:0.000481s ]
NOTIC: [8] Use of undefined constant add - assumed 'add' G:\wamp\www\2016\thinkphp\Application\Runtime\Cache\Home\4bf19818434dd7906d49ee89a8f4ac9c.php 第 31 行.
INFO: Run Behavior\ParseTemplateBehavior [ RunTime:0.019160s ]
INFO: [ view_parse ] --END-- [ RunTime:0.019476s ]
INFO: [ view_filter ] --START--
INFO: Run Behavior\WriteHtmlCacheBehavior [ RunTime:0.000700s ]
INFO: [ view_filter ] --END-- [ RunTime:0.000999s ]
INFO: [ app_end ] --START--
INFO: Run Behavior\ShowPageTraceBehavior [ RunTime:0.001036s ]
INFO: [ app_end ] --END-- [ RunTime:0.001337s ]

[ 2016-02-24T17:10:00+08:00 ] 127.0.0.1 /2016/thinkphp/Home/Zoo/index
INFO: [ app_init ] --START--
INFO: Run Behavior\BuildLiteBehavior [ RunTime:0.000060s ]
INFO: [ app_init ] --END-- [ RunTime:0.001008s ]
INFO: [ app_begin ] --START--
INFO: Run Behavior\ReadHtmlCacheBehavior [ RunTime:0.001288s ]
INFO: [ app_begin ] --END-- [ RunTime:0.001544s ]
SQL: SHOW COLUMNS FROM `tb_zoo` [ RunTime:0.0066s ]
SQL: SELECT * FROM `tb_zoo`  [ RunTime:0.0005s ]
INFO: [ view_parse ] --START--
INFO: [ template_filter ] --START--
INFO: Run Behavior\ContentReplaceBehavior [ RunTime:0.000105s ]
INFO: [ template_filter ] --END-- [ RunTime:0.000348s ]
NOTIC: [8] Use of undefined constant add - assumed 'add' G:\wamp\www\2016\thinkphp\Application\Runtime\Cache\Home\4bf19818434dd7906d49ee89a8f4ac9c.php 第 31 行.
INFO: Run Behavior\ParseTemplateBehavior [ RunTime:0.016194s ]
INFO: [ view_parse ] --END-- [ RunTime:0.016475s ]
INFO: [ view_filter ] --START--
INFO: Run Behavior\WriteHtmlCacheBehavior [ RunTime:0.000703s ]
INFO: [ view_filter ] --END-- [ RunTime:0.000976s ]
INFO: [ app_end ] --START--
INFO: Run Behavior\ShowPageTraceBehavior [ RunTime:0.001142s ]
INFO: [ app_end ] --END-- [ RunTime:0.001505s ]

[ 2016-02-24T17:10:01+08:00 ] 127.0.0.1 /2016/thinkphp/Home/Zoo/index
INFO: [ app_init ] --START--
INFO: Run Behavior\BuildLiteBehavior [ RunTime:0.000048s ]
INFO: [ app_init ] --END-- [ RunTime:0.000934s ]
INFO: [ app_begin ] --START--
INFO: Run Behavior\ReadHtmlCacheBehavior [ RunTime:0.001261s ]
INFO: [ app_begin ] --END-- [ RunTime:0.001721s ]
SQL: SHOW COLUMNS FROM `tb_zoo` [ RunTime:0.0049s ]
SQL: SELECT * FROM `tb_zoo`  [ RunTime:0.0003s ]
INFO: [ view_parse ] --START--
INFO: [ template_filter ] --START--
INFO: Run Behavior\ContentReplaceBehavior [ RunTime:0.000107s ]
INFO: [ template_filter ] --END-- [ RunTime:0.000349s ]
NOTIC: [8] Use of undefined constant add - assumed 'add' G:\wamp\www\2016\thinkphp\Application\Runtime\Cache\Home\4bf19818434dd7906d49ee89a8f4ac9c.php 第 31 行.
INFO: Run Behavior\ParseTemplateBehavior [ RunTime:0.015564s ]
INFO: [ view_parse ] --END-- [ RunTime:0.015785s ]
INFO: [ view_filter ] --START--
INFO: Run Behavior\WriteHtmlCacheBehavior [ RunTime:0.000582s ]
INFO: [ view_filter ] --END-- [ RunTime:0.000799s ]
INFO: [ app_end ] --START--
INFO: Run Behavior\ShowPageTraceBehavior [ RunTime:0.000851s ]
INFO: [ app_end ] --END-- [ RunTime:0.001092s ]

[ 2016-02-24T17:10:01+08:00 ] 127.0.0.1 /2016/thinkphp/Home/Zoo/index
INFO: [ app_init ] --START--
INFO: Run Behavior\BuildLiteBehavior [ RunTime:0.000063s ]
INFO: [ app_init ] --END-- [ RunTime:0.001182s ]
INFO: [ app_begin ] --START--
INFO: Run Behavior\ReadHtmlCacheBehavior [ RunTime:0.001237s ]
INFO: [ app_begin ] --END-- [ RunTime:0.001524s ]
SQL: SHOW COLUMNS FROM `tb_zoo` [ RunTime:0.0063s ]
SQL: SELECT * FROM `tb_zoo`  [ RunTime:0.0004s ]
INFO: [ view_parse ] --START--
INFO: [ template_filter ] --START--
INFO: Run Behavior\ContentReplaceBehavior [ RunTime:0.000108s ]
INFO: [ template_filter ] --END-- [ RunTime:0.000355s ]
NOTIC: [8] Use of undefined constant add - assumed 'add' G:\wamp\www\2016\thinkphp\Application\Runtime\Cache\Home\4bf19818434dd7906d49ee89a8f4ac9c.php 第 31 行.
INFO: Run Behavior\ParseTemplateBehavior [ RunTime:0.016782s ]
INFO: [ view_parse ] --END-- [ RunTime:0.017046s ]
INFO: [ view_filter ] --START--
INFO: Run Behavior\WriteHtmlCacheBehavior [ RunTime:0.000572s ]
INFO: [ view_filter ] --END-- [ RunTime:0.000791s ]
INFO: [ app_end ] --START--
INFO: Run Behavior\ShowPageTraceBehavior [ RunTime:0.000974s ]
INFO: [ app_end ] --END-- [ RunTime:0.001201s ]

[ 2016-02-24T17:10:02+08:00 ] 127.0.0.1 /2016/thinkphp/Home/Zoo/index
INFO: [ app_init ] --START--
INFO: Run Behavior\BuildLiteBehavior [ RunTime:0.000069s ]
INFO: [ app_init ] --END-- [ RunTime:0.001547s ]
INFO: [ app_begin ] --START--
INFO: Run Behavior\ReadHtmlCacheBehavior [ RunTime:0.001220s ]
INFO: [ app_begin ] --END-- [ RunTime:0.001534s ]
SQL: SHOW COLUMNS FROM `tb_zoo` [ RunTime:0.0066s ]
SQL: SELECT * FROM `tb_zoo`  [ RunTime:0.0008s ]
INFO: [ view_parse ] --START--
INFO: [ template_filter ] --START--
INFO: Run Behavior\ContentReplaceBehavior [ RunTime:0.000142s ]
INFO: [ template_filter ] --END-- [ RunTime:0.000482s ]
NOTIC: [8] Use of undefined constant add - assumed 'add' G:\wamp\www\2016\thinkphp\Application\Runtime\Cache\Home\4bf19818434dd7906d49ee89a8f4ac9c.php 第 31 行.
INFO: Run Behavior\ParseTemplateBehavior [ RunTime:0.015154s ]
INFO: [ view_parse ] --END-- [ RunTime:0.015533s ]
INFO: [ view_filter ] --START--
INFO: Run Behavior\WriteHtmlCacheBehavior [ RunTime:0.000639s ]
INFO: [ view_filter ] --END-- [ RunTime:0.000860s ]
INFO: [ app_end ] --START--
INFO: Run Behavior\ShowPageTraceBehavior [ RunTime:0.000838s ]
INFO: [ app_end ] --END-- [ RunTime:0.001061s ]

[ 2016-02-24T17:10:03+08:00 ] 127.0.0.1 /2016/thinkphp/Home/Zoo/index
INFO: [ app_init ] --START--
INFO: Run Behavior\BuildLiteBehavior [ RunTime:0.000069s ]
INFO: [ app_init ] --END-- [ RunTime:0.001430s ]
INFO: [ app_begin ] --START--
INFO: Run Behavior\ReadHtmlCacheBehavior [ RunTime:0.001748s ]
INFO: [ app_begin ] --END-- [ RunTime:0.002110s ]
SQL: SHOW COLUMNS FROM `tb_zoo` [ RunTime:0.0061s ]
SQL: SELECT * FROM `tb_zoo`  [ RunTime:0.0004s ]
INFO: [ view_parse ] --START--
INFO: [ template_filter ] --START--
INFO: Run Behavior\ContentReplaceBehavior [ RunTime:0.000282s ]
INFO: [ template_filter ] --END-- [ RunTime:0.000650s ]
NOTIC: [8] Use of undefined constant add - assumed 'add' G:\wamp\www\2016\thinkphp\Application\Runtime\Cache\Home\4bf19818434dd7906d49ee89a8f4ac9c.php 第 31 行.
INFO: Run Behavior\ParseTemplateBehavior [ RunTime:0.016046s ]
INFO: [ view_parse ] --END-- [ RunTime:0.016269s ]
INFO: [ view_filter ] --START--
INFO: Run Behavior\WriteHtmlCacheBehavior [ RunTime:0.000577s ]
INFO: [ view_filter ] --END-- [ RunTime:0.000798s ]
INFO: [ app_end ] --START--
INFO: Run Behavior\ShowPageTraceBehavior [ RunTime:0.000880s ]
INFO: [ app_end ] --END-- [ RunTime:0.001101s ]

[ 2016-02-24T17:10:11+08:00 ] 127.0.0.1 /2016/thinkphp/Home/Zoo/index
INFO: [ app_init ] --START--
INFO: Run Behavior\BuildLiteBehavior [ RunTime:0.000067s ]
INFO: [ app_init ] --END-- [ RunTime:0.001800s ]
INFO: [ app_begin ] --START--
INFO: Run Behavior\ReadHtmlCacheBehavior [ RunTime:0.001070s ]
INFO: [ app_begin ] --END-- [ RunTime:0.001386s ]
SQL: SHOW COLUMNS FROM `tb_zoo` [ RunTime:0.0065s ]
SQL: SELECT * FROM `tb_zoo`  [ RunTime:0.0008s ]
INFO: [ view_parse ] --START--
INFO: [ template_filter ] --START--
INFO: Run Behavior\ContentReplaceBehavior [ RunTime:0.000153s ]
INFO: [ template_filter ] --END-- [ RunTime:0.000517s ]
NOTIC: [8] Use of undefined constant add - assumed 'add' G:\wamp\www\2016\thinkphp\Application\Runtime\Cache\Home\4bf19818434dd7906d49ee89a8f4ac9c.php 第 31 行.
INFO: Run Behavior\ParseTemplateBehavior [ RunTime:0.020569s ]
INFO: [ view_parse ] --END-- [ RunTime:0.020927s ]
INFO: [ view_filter ] --START--
INFO: Run Behavior\WriteHtmlCacheBehavior [ RunTime:0.000748s ]
INFO: [ view_filter ] --END-- [ RunTime:0.001044s ]
INFO: [ app_end ] --START--
INFO: Run Behavior\ShowPageTraceBehavior [ RunTime:0.002135s ]
INFO: [ app_end ] --END-- [ RunTime:0.002475s ]

[ 2016-02-24T17:10:11+08:00 ] 127.0.0.1 /2016/thinkphp/Home/Zoo/index
INFO: [ app_init ] --START--
INFO: Run Behavior\BuildLiteBehavior [ RunTime:0.000064s ]
INFO: [ app_init ] --END-- [ RunTime:0.001354s ]
INFO: [ app_begin ] --START--
INFO: Run Behavior\ReadHtmlCacheBehavior [ RunTime:0.001484s ]
INFO: [ app_begin ] --END-- [ RunTime:0.002150s ]
SQL: SHOW COLUMNS FROM `tb_zoo` [ RunTime:0.0065s ]
SQL: SELECT * FROM `tb_zoo`  [ RunTime:0.0007s ]
INFO: [ view_parse ] --START--
INFO: [ template_filter ] --START--
INFO: Run Behavior\ContentReplaceBehavior [ RunTime:0.000111s ]
INFO: [ template_filter ] --END-- [ RunTime:0.000369s ]
NOTIC: [8] Use of undefined constant add - assumed 'add' G:\wamp\www\2016\thinkphp\Application\Runtime\Cache\Home\4bf19818434dd7906d49ee89a8f4ac9c.php 第 31 行.
INFO: Run Behavior\ParseTemplateBehavior [ RunTime:0.015398s ]
INFO: [ view_parse ] --END-- [ RunTime:0.015698s ]
INFO: [ view_filter ] --START--
INFO: Run Behavior\WriteHtmlCacheBehavior [ RunTime:0.000627s ]
INFO: [ view_filter ] --END-- [ RunTime:0.000865s ]
INFO: [ app_end ] --START--
INFO: Run Behavior\ShowPageTraceBehavior [ RunTime:0.000853s ]
INFO: [ app_end ] --END-- [ RunTime:0.001072s ]

[ 2016-02-24T17:10:12+08:00 ] 127.0.0.1 /2016/thinkphp/Home/Zoo/index
INFO: [ app_init ] --START--
INFO: Run Behavior\BuildLiteBehavior [ RunTime:0.000063s ]
INFO: [ app_init ] --END-- [ RunTime:0.001340s ]
INFO: [ app_begin ] --START--
INFO: Run Behavior\ReadHtmlCacheBehavior [ RunTime:0.001394s ]
INFO: [ app_begin ] --END-- [ RunTime:0.001723s ]
SQL: SHOW COLUMNS FROM `tb_zoo` [ RunTime:0.0067s ]
SQL: SELECT * FROM `tb_zoo`  [ RunTime:0.0004s ]
INFO: [ view_parse ] --START--
INFO: [ template_filter ] --START--
INFO: Run Behavior\ContentReplaceBehavior [ RunTime:0.000108s ]
INFO: [ template_filter ] --END-- [ RunTime:0.000357s ]
NOTIC: [8] Use of undefined constant add - assumed 'add' G:\wamp\www\2016\thinkphp\Application\Runtime\Cache\Home\4bf19818434dd7906d49ee89a8f4ac9c.php 第 31 行.
INFO: Run Behavior\ParseTemplateBehavior [ RunTime:0.015000s ]
INFO: [ view_parse ] --END-- [ RunTime:0.015223s ]
INFO: [ view_filter ] --START--
INFO: Run Behavior\WriteHtmlCacheBehavior [ RunTime:0.000592s ]
INFO: [ view_filter ] --END-- [ RunTime:0.000812s ]
INFO: [ app_end ] --START--
INFO: Run Behavior\ShowPageTraceBehavior [ RunTime:0.000875s ]
INFO: [ app_end ] --END-- [ RunTime:0.001097s ]

[ 2016-02-24T17:10:13+08:00 ] 127.0.0.1 /2016/thinkphp/Home/Zoo/index
INFO: [ app_init ] --START--
INFO: Run Behavior\BuildLiteBehavior [ RunTime:0.000065s ]
INFO: [ app_init ] --END-- [ RunTime:0.001207s ]
INFO: [ app_begin ] --START--
INFO: Run Behavior\ReadHtmlCacheBehavior [ RunTime:0.003004s ]
INFO: [ app_begin ] --END-- [ RunTime:0.003359s ]
SQL: SHOW COLUMNS FROM `tb_zoo` [ RunTime:0.0056s ]
SQL: SELECT * FROM `tb_zoo`  [ RunTime:0.0005s ]
INFO: [ view_parse ] --START--
INFO: [ template_filter ] --START--
INFO: Run Behavior\ContentReplaceBehavior [ RunTime:0.000109s ]
INFO: [ template_filter ] --END-- [ RunTime:0.000362s ]
NOTIC: [8] Use of undefined constant add - assumed 'add' G:\wamp\www\2016\thinkphp\Application\Runtime\Cache\Home\4bf19818434dd7906d49ee89a8f4ac9c.php 第 31 行.
INFO: Run Behavior\ParseTemplateBehavior [ RunTime:0.015260s ]
INFO: [ view_parse ] --END-- [ RunTime:0.015573s ]
INFO: [ view_filter ] --START--
INFO: Run Behavior\WriteHtmlCacheBehavior [ RunTime:0.000568s ]
INFO: [ view_filter ] --END-- [ RunTime:0.000790s ]
INFO: [ app_end ] --START--
INFO: Run Behavior\ShowPageTraceBehavior [ RunTime:0.001749s ]
INFO: [ app_end ] --END-- [ RunTime:0.002156s ]

[ 2016-02-24T17:10:14+08:00 ] 127.0.0.1 /2016/thinkphp/Home/Zoo/index
INFO: [ app_init ] --START--
INFO: Run Behavior\BuildLiteBehavior [ RunTime:0.000068s ]
INFO: [ app_init ] --END-- [ RunTime:0.001400s ]
INFO: [ app_begin ] --START--
INFO: Run Behavior\ReadHtmlCacheBehavior [ RunTime:0.001775s ]
INFO: [ app_begin ] --END-- [ RunTime:0.002551s ]
SQL: SHOW COLUMNS FROM `tb_zoo` [ RunTime:0.0063s ]
SQL: SELECT * FROM `tb_zoo`  [ RunTime:0.0005s ]
INFO: [ view_parse ] --START--
INFO: [ template_filter ] --START--
INFO: Run Behavior\ContentReplaceBehavior [ RunTime:0.000157s ]
INFO: [ template_filter ] --END-- [ RunTime:0.000475s ]
NOTIC: [8] Use of undefined constant add - assumed 'add' G:\wamp\www\2016\thinkphp\Application\Runtime\Cache\Home\4bf19818434dd7906d49ee89a8f4ac9c.php 第 31 行.
INFO: Run Behavior\ParseTemplateBehavior [ RunTime:0.016762s ]
INFO: [ view_parse ] --END-- [ RunTime:0.017082s ]
INFO: [ view_filter ] --START--
INFO: Run Behavior\WriteHtmlCacheBehavior [ RunTime:0.000633s ]
INFO: [ view_filter ] --END-- [ RunTime:0.000854s ]
INFO: [ app_end ] --START--
INFO: Run Behavior\ShowPageTraceBehavior [ RunTime:0.000781s ]
INFO: [ app_end ] --END-- [ RunTime:0.000999s ]

[ 2016-02-24T17:10:24+08:00 ] 127.0.0.1 /2016/thinkphp/Home/Zoo/index
INFO: [ app_init ] --START--
INFO: Run Behavior\BuildLiteBehavior [ RunTime:0.000060s ]
INFO: [ app_init ] --END-- [ RunTime:0.000982s ]
INFO: [ app_begin ] --START--
INFO: Run Behavior\ReadHtmlCacheBehavior [ RunTime:0.000876s ]
INFO: [ app_begin ] --END-- [ RunTime:0.001162s ]
SQL: SHOW COLUMNS FROM `tb_zoo` [ RunTime:0.0095s ]
SQL: SELECT * FROM `tb_zoo`  [ RunTime:0.0004s ]
INFO: [ view_parse ] --START--
INFO: [ template_filter ] --START--
INFO: Run Behavior\ContentReplaceBehavior [ RunTime:0.000109s ]
INFO: [ template_filter ] --END-- [ RunTime:0.000355s ]
NOTIC: [8] Use of undefined constant add - assumed 'add' G:\wamp\www\2016\thinkphp\Application\Runtime\Cache\Home\4bf19818434dd7906d49ee89a8f4ac9c.php 第 31 行.
INFO: Run Behavior\ParseTemplateBehavior [ RunTime:0.015468s ]
INFO: [ view_parse ] --END-- [ RunTime:0.015877s ]
INFO: [ view_filter ] --START--
INFO: Run Behavior\WriteHtmlCacheBehavior [ RunTime:0.000855s ]
INFO: [ view_filter ] --END-- [ RunTime:0.001180s ]
INFO: [ app_end ] --START--
INFO: Run Behavior\ShowPageTraceBehavior [ RunTime:0.000841s ]
INFO: [ app_end ] --END-- [ RunTime:0.001147s ]

[ 2016-02-24T17:10:48+08:00 ] 127.0.0.1 /2016/thinkphp/Home/Zoo/index
INFO: [ app_init ] --START--
INFO: Run Behavior\BuildLiteBehavior [ RunTime:0.000047s ]
INFO: [ app_init ] --END-- [ RunTime:0.000816s ]
INFO: [ app_begin ] --START--
INFO: Run Behavior\ReadHtmlCacheBehavior [ RunTime:0.001152s ]
INFO: [ app_begin ] --END-- [ RunTime:0.001420s ]
SQL: SHOW COLUMNS FROM `tb_zoo` [ RunTime:0.0065s ]
SQL: SELECT * FROM `tb_zoo`  [ RunTime:0.0004s ]
INFO: [ view_parse ] --START--
INFO: [ template_filter ] --START--
INFO: Run Behavior\ContentReplaceBehavior [ RunTime:0.000113s ]
INFO: [ template_filter ] --END-- [ RunTime:0.000492s ]
NOTIC: [8] Use of undefined constant add - assumed 'add' G:\wamp\www\2016\thinkphp\Application\Runtime\Cache\Home\4bf19818434dd7906d49ee89a8f4ac9c.php 第 31 行.
INFO: Run Behavior\ParseTemplateBehavior [ RunTime:0.016353s ]
INFO: [ view_parse ] --END-- [ RunTime:0.016579s ]
INFO: [ view_filter ] --START--
INFO: Run Behavior\WriteHtmlCacheBehavior [ RunTime:0.000741s ]
INFO: [ view_filter ] --END-- [ RunTime:0.000965s ]
INFO: [ app_end ] --START--
INFO: Run Behavior\ShowPageTraceBehavior [ RunTime:0.002508s ]
INFO: [ app_end ] --END-- [ RunTime:0.002825s ]

[ 2016-02-24T17:10:49+08:00 ] 127.0.0.1 /2016/thinkphp/Home/Zoo/$Zoo_info
INFO: [ app_init ] --START--
INFO: Run Behavior\BuildLiteBehavior [ RunTime:0.000046s ]
INFO: [ app_init ] --END-- [ RunTime:0.000775s ]
INFO: [ app_begin ] --START--
INFO: Run Behavior\ReadHtmlCacheBehavior [ RunTime:0.000821s ]
INFO: [ app_begin ] --END-- [ RunTime:0.001058s ]
ERR: 非法操作:$Zoo_info

[ 2016-02-24T17:11:34+08:00 ] 127.0.0.1 /2016/thinkphp/Home/Zoo/index
INFO: [ app_init ] --START--
INFO: Run Behavior\BuildLiteBehavior [ RunTime:0.000054s ]
INFO: [ app_init ] --END-- [ RunTime:0.001092s ]
INFO: [ app_begin ] --START--
INFO: Run Behavior\ReadHtmlCacheBehavior [ RunTime:0.002650s ]
INFO: [ app_begin ] --END-- [ RunTime:0.003126s ]
SQL: SHOW COLUMNS FROM `tb_zoo` [ RunTime:0.0060s ]
SQL: SELECT * FROM `tb_zoo`  [ RunTime:0.0004s ]
INFO: [ view_parse ] --START--
INFO: [ template_filter ] --START--
INFO: Run Behavior\ContentReplaceBehavior [ RunTime:0.000164s ]
INFO: [ template_filter ] --END-- [ RunTime:0.000588s ]
NOTIC: [8] Undefined variable: Zoo_info G:\wamp\www\2016\thinkphp\Application\Runtime\Cache\Home\4bf19818434dd7906d49ee89a8f4ac9c.php 第 22 行.
NOTIC: [8] Use of undefined constant add - assumed 'add' G:\wamp\www\2016\thinkphp\Application\Runtime\Cache\Home\4bf19818434dd7906d49ee89a8f4ac9c.php 第 31 行.
INFO: Run Behavior\ParseTemplateBehavior [ RunTime:0.023735s ]
INFO: [ view_parse ] --END-- [ RunTime:0.024129s ]
INFO: [ view_filter ] --START--
INFO: Run Behavior\WriteHtmlCacheBehavior [ RunTime:0.001129s ]
INFO: [ view_filter ] --END-- [ RunTime:0.001438s ]
INFO: [ app_end ] --START--
INFO: Run Behavior\ShowPageTraceBehavior [ RunTime:0.001055s ]
INFO: [ app_end ] --END-- [ RunTime:0.001322s ]

[ 2016-02-24T17:11:35+08:00 ] 127.0.0.1 /2016/thinkphp/Home/Zoo/index
INFO: [ app_init ] --START--
INFO: Run Behavior\BuildLiteBehavior [ RunTime:0.000181s ]
INFO: [ app_init ] --END-- [ RunTime:0.001379s ]
INFO: [ app_begin ] --START--
INFO: Run Behavior\ReadHtmlCacheBehavior [ RunTime:0.001718s ]
INFO: [ app_begin ] --END-- [ RunTime:0.002059s ]
SQL: SHOW COLUMNS FROM `tb_zoo` [ RunTime:0.0065s ]
SQL: SELECT * FROM `tb_zoo`  [ RunTime:0.0006s ]
INFO: [ view_parse ] --START--
INFO: [ template_filter ] --START--
INFO: Run Behavior\ContentReplaceBehavior [ RunTime:0.000200s ]
INFO: [ template_filter ] --END-- [ RunTime:0.000563s ]
NOTIC: [8] Undefined variable: Zoo_info G:\wamp\www\2016\thinkphp\Application\Runtime\Cache\Home\4bf19818434dd7906d49ee89a8f4ac9c.php 第 22 行.
NOTIC: [8] Use of undefined constant add - assumed 'add' G:\wamp\www\2016\thinkphp\Application\Runtime\Cache\Home\4bf19818434dd7906d49ee89a8f4ac9c.php 第 31 行.
INFO: Run Behavior\ParseTemplateBehavior [ RunTime:0.020134s ]
INFO: [ view_parse ] --END-- [ RunTime:0.020406s ]
INFO: [ view_filter ] --START--
INFO: Run Behavior\WriteHtmlCacheBehavior [ RunTime:0.000647s ]
INFO: [ view_filter ] --END-- [ RunTime:0.000875s ]
INFO: [ app_end ] --START--
INFO: Run Behavior\ShowPageTraceBehavior [ RunTime:0.000811s ]
INFO: [ app_end ] --END-- [ RunTime:0.001104s ]

[ 2016-02-24T17:11:59+08:00 ] 127.0.0.1 /2016/thinkphp/Home/Zoo/index
INFO: [ app_init ] --START--
INFO: Run Behavior\BuildLiteBehavior [ RunTime:0.000046s ]
INFO: [ app_init ] --END-- [ RunTime:0.000779s ]
INFO: [ app_begin ] --START--
INFO: Run Behavior\ReadHtmlCacheBehavior [ RunTime:0.001113s ]
INFO: [ app_begin ] --END-- [ RunTime:0.001358s ]
SQL: SHOW COLUMNS FROM `tb_zoo` [ RunTime:0.0060s ]
SQL: SELECT * FROM `tb_zoo`  [ RunTime:0.0004s ]
INFO: [ view_parse ] --START--
INFO: [ template_filter ] --START--
INFO: Run Behavior\ContentReplaceBehavior [ RunTime:0.000105s ]
INFO: [ template_filter ] --END-- [ RunTime:0.000352s ]
NOTIC: [8] Undefined variable: Zoo_info G:\wamp\www\2016\thinkphp\Application\Runtime\Cache\Home\4bf19818434dd7906d49ee89a8f4ac9c.php 第 22 行.
NOTIC: [8] Use of undefined constant add - assumed 'add' G:\wamp\www\2016\thinkphp\Application\Runtime\Cache\Home\4bf19818434dd7906d49ee89a8f4ac9c.php 第 31 行.
INFO: Run Behavior\ParseTemplateBehavior [ RunTime:0.014501s ]
INFO: [ view_parse ] --END-- [ RunTime:0.014723s ]
INFO: [ view_filter ] --START--
INFO: Run Behavior\WriteHtmlCacheBehavior [ RunTime:0.000569s ]
INFO: [ view_filter ] --END-- [ RunTime:0.000821s ]
INFO: [ app_end ] --START--
INFO: Run Behavior\ShowPageTraceBehavior [ RunTime:0.000832s ]
INFO: [ app_end ] --END-- [ RunTime:0.001056s ]

[ 2016-02-24T17:12:07+08:00 ] 127.0.0.1 /2016/thinkphp/Home/Zoo/index
INFO: [ app_init ] --START--
INFO: Run Behavior\BuildLiteBehavior [ RunTime:0.000048s ]
INFO: [ app_init ] --END-- [ RunTime:0.001266s ]
INFO: [ app_begin ] --START--
INFO: Run Behavior\ReadHtmlCacheBehavior [ RunTime:0.000794s ]
INFO: [ app_begin ] --END-- [ RunTime:0.001091s ]
SQL: SHOW COLUMNS FROM `tb_zoo` [ RunTime:0.0050s ]
SQL: SELECT * FROM `tb_zoo`  [ RunTime:0.0005s ]
INFO: [ view_parse ] --START--
INFO: [ template_filter ] --START--
INFO: Run Behavior\ContentReplaceBehavior [ RunTime:0.000108s ]
INFO: [ template_filter ] --END-- [ RunTime:0.000356s ]
NOTIC: [8] Undefined variable: Zoo_info G:\wamp\www\2016\thinkphp\Application\Runtime\Cache\Home\4bf19818434dd7906d49ee89a8f4ac9c.php 第 22 行.
NOTIC: [8] Use of undefined constant add - assumed 'add' G:\wamp\www\2016\thinkphp\Application\Runtime\Cache\Home\4bf19818434dd7906d49ee89a8f4ac9c.php 第 31 行.
INFO: Run Behavior\ParseTemplateBehavior [ RunTime:0.015888s ]
INFO: [ view_parse ] --END-- [ RunTime:0.016205s ]
INFO: [ view_filter ] --START--
INFO: Run Behavior\WriteHtmlCacheBehavior [ RunTime:0.000931s ]
INFO: [ view_filter ] --END-- [ RunTime:0.001356s ]
INFO: [ app_end ] --START--
INFO: Run Behavior\ShowPageTraceBehavior [ RunTime:0.001182s ]
INFO: [ app_end ] --END-- [ RunTime:0.001451s ]

[ 2016-02-24T17:14:40+08:00 ] 127.0.0.1 /2016/thinkphp/Home/Zoo/add.html
INFO: [ app_init ] --START--
INFO: Run Behavior\BuildLiteBehavior [ RunTime:0.000049s ]
INFO: [ app_init ] --END-- [ RunTime:0.001745s ]
INFO: [ app_begin ] --START--
INFO: Run Behavior\ReadHtmlCacheBehavior [ RunTime:0.000978s ]
INFO: [ app_begin ] --END-- [ RunTime:0.001305s ]
INFO: [ view_parse ] --START--
INFO: [ template_filter ] --START--
INFO: Run Behavior\ContentReplaceBehavior [ RunTime:0.000102s ]
INFO: [ template_filter ] --END-- [ RunTime:0.000351s ]
INFO: Run Behavior\ParseTemplateBehavior [ RunTime:0.012814s ]
INFO: [ view_parse ] --END-- [ RunTime:0.013050s ]
INFO: [ view_filter ] --START--
INFO: Run Behavior\WriteHtmlCacheBehavior [ RunTime:0.000708s ]
INFO: [ view_filter ] --END-- [ RunTime:0.000930s ]
INFO: [ app_end ] --START--
INFO: Run Behavior\ShowPageTraceBehavior [ RunTime:0.000959s ]
INFO: [ app_end ] --END-- [ RunTime:0.001193s ]

[ 2016-02-24T17:14:51+08:00 ] 127.0.0.1 /2016/thinkphp/Home/Zoo/add.html
INFO: [ app_init ] --START--
INFO: Run Behavior\BuildLiteBehavior [ RunTime:0.000057s ]
INFO: [ app_init ] --END-- [ RunTime:0.001124s ]
INFO: [ app_begin ] --START--
INFO: Run Behavior\ReadHtmlCacheBehavior [ RunTime:0.001130s ]
INFO: [ app_begin ] --END-- [ RunTime:0.001405s ]
SQL: SHOW COLUMNS FROM `tb_zoo` [ RunTime:0.0059s ]
SQL: INSERT INTO `tb_zoo` (`name`,`category`,`num`) VALUES ('大象','陆栖动物','22') [ RunTime:0.0132s ]
INFO: [ view_parse ] --START--
INFO: [ template_filter ] --START--
INFO: Run Behavior\ContentReplaceBehavior [ RunTime:0.000112s ]
INFO: [ template_filter ] --END-- [ RunTime:0.000421s ]
INFO: Run Behavior\ParseTemplateBehavior [ RunTime:0.011452s ]
INFO: [ view_parse ] --END-- [ RunTime:0.011807s ]
INFO: [ view_filter ] --START--
INFO: Run Behavior\WriteHtmlCacheBehavior [ RunTime:0.000935s ]
INFO: [ view_filter ] --END-- [ RunTime:0.001264s ]
INFO: [ app_end ] --START--
INFO: Run Behavior\ShowPageTraceBehavior [ RunTime:0.001646s ]
INFO: [ app_end ] --END-- [ RunTime:0.001972s ]

[ 2016-02-24T17:14:52+08:00 ] 127.0.0.1 /2016/thinkphp/Home/Zoo/index
INFO: [ app_init ] --START--
INFO: Run Behavior\BuildLiteBehavior [ RunTime:0.000048s ]
INFO: [ app_init ] --END-- [ RunTime:0.000814s ]
INFO: [ app_begin ] --START--
INFO: Run Behavior\ReadHtmlCacheBehavior [ RunTime:0.002277s ]
INFO: [ app_begin ] --END-- [ RunTime:0.002603s ]
SQL: SHOW COLUMNS FROM `tb_zoo` [ RunTime:0.0065s ]
SQL: SELECT * FROM `tb_zoo`  [ RunTime:0.0005s ]
INFO: [ view_parse ] --START--
INFO: [ template_filter ] --START--
INFO: Run Behavior\ContentReplaceBehavior [ RunTime:0.000139s ]
INFO: [ template_filter ] --END-- [ RunTime:0.000443s ]
NOTIC: [8] Undefined variable: Zoo_info G:\wamp\www\2016\thinkphp\Application\Runtime\Cache\Home\4bf19818434dd7906d49ee89a8f4ac9c.php 第 22 行.
NOTIC: [8] Use of undefined constant add - assumed 'add' G:\wamp\www\2016\thinkphp\Application\Runtime\Cache\Home\4bf19818434dd7906d49ee89a8f4ac9c.php 第 31 行.
INFO: Run Behavior\ParseTemplateBehavior [ RunTime:0.024178s ]
INFO: [ view_parse ] --END-- [ RunTime:0.024466s ]
INFO: [ view_filter ] --START--
INFO: Run Behavior\WriteHtmlCacheBehavior [ RunTime:0.000688s ]
INFO: [ view_filter ] --END-- [ RunTime:0.000970s ]
INFO: [ app_end ] --START--
INFO: Run Behavior\ShowPageTraceBehavior [ RunTime:0.001617s ]
INFO: [ app_end ] --END-- [ RunTime:0.001930s ]

[ 2016-02-24T17:14:55+08:00 ] 127.0.0.1 /2016/thinkphp/Home/Zoo/add.html
INFO: [ app_init ] --START--
INFO: Run Behavior\BuildLiteBehavior [ RunTime:0.000064s ]
INFO: [ app_init ] --END-- [ RunTime:0.001319s ]
INFO: [ app_begin ] --START--
INFO: Run Behavior\ReadHtmlCacheBehavior [ RunTime:0.001712s ]
INFO: [ app_begin ] --END-- [ RunTime:0.002250s ]
INFO: [ view_parse ] --START--
INFO: [ template_filter ] --START--
INFO: Run Behavior\ContentReplaceBehavior [ RunTime:0.000114s ]
INFO: [ template_filter ] --END-- [ RunTime:0.000356s ]
INFO: Run Behavior\ParseTemplateBehavior [ RunTime:0.009774s ]
INFO: [ view_parse ] --END-- [ RunTime:0.010046s ]
INFO: [ view_filter ] --START--
INFO: Run Behavior\WriteHtmlCacheBehavior [ RunTime:0.000593s ]
INFO: [ view_filter ] --END-- [ RunTime:0.000812s ]
INFO: [ app_end ] --START--
INFO: Run Behavior\ShowPageTraceBehavior [ RunTime:0.000916s ]
INFO: [ app_end ] --END-- [ RunTime:0.001147s ]

[ 2016-02-24T17:15:06+08:00 ] 127.0.0.1 /2016/thinkphp/Home/Zoo/add.html
INFO: [ app_init ] --START--
INFO: Run Behavior\BuildLiteBehavior [ RunTime:0.000049s ]
INFO: [ app_init ] --END-- [ RunTime:0.000808s ]
INFO: [ app_begin ] --START--
INFO: Run Behavior\ReadHtmlCacheBehavior [ RunTime:0.000891s ]
INFO: [ app_begin ] --END-- [ RunTime:0.001138s ]
SQL: SHOW COLUMNS FROM `tb_zoo` [ RunTime:0.0070s ]
SQL: INSERT INTO `tb_zoo` (`name`,`category`,`num`) VALUES ('鸡','鸟','77') [ RunTime:0.0022s ]
INFO: [ view_parse ] --START--
INFO: [ template_filter ] --START--
INFO: Run Behavior\ContentReplaceBehavior [ RunTime:0.000108s ]
INFO: [ template_filter ] --END-- [ RunTime:0.000333s ]
INFO: Run Behavior\ParseTemplateBehavior [ RunTime:0.010441s ]
INFO: [ view_parse ] --END-- [ RunTime:0.010743s ]
INFO: [ view_filter ] --START--
INFO: Run Behavior\WriteHtmlCacheBehavior [ RunTime:0.000568s ]
INFO: [ view_filter ] --END-- [ RunTime:0.000786s ]
INFO: [ app_end ] --START--
INFO: Run Behavior\ShowPageTraceBehavior [ RunTime:0.001285s ]
INFO: [ app_end ] --END-- [ RunTime:0.001653s ]

[ 2016-02-24T17:15:07+08:00 ] 127.0.0.1 /2016/thinkphp/Home/Zoo/index
INFO: [ app_init ] --START--
INFO: Run Behavior\BuildLiteBehavior [ RunTime:0.000069s ]
INFO: [ app_init ] --END-- [ RunTime:0.001414s ]
INFO: [ app_begin ] --START--
INFO: Run Behavior\ReadHtmlCacheBehavior [ RunTime:0.000876s ]
INFO: [ app_begin ] --END-- [ RunTime:0.001155s ]
SQL: SHOW COLUMNS FROM `tb_zoo` [ RunTime:0.0079s ]
SQL: SELECT * FROM `tb_zoo`  [ RunTime:0.0006s ]
INFO: [ view_parse ] --START--
INFO: [ template_filter ] --START--
INFO: Run Behavior\ContentReplaceBehavior [ RunTime:0.000141s ]
INFO: [ template_filter ] --END-- [ RunTime:0.000448s ]
NOTIC: [8] Undefined variable: Zoo_info G:\wamp\www\2016\thinkphp\Application\Runtime\Cache\Home\4bf19818434dd7906d49ee89a8f4ac9c.php 第 22 行.
NOTIC: [8] Use of undefined constant add - assumed 'add' G:\wamp\www\2016\thinkphp\Application\Runtime\Cache\Home\4bf19818434dd7906d49ee89a8f4ac9c.php 第 31 行.
INFO: Run Behavior\ParseTemplateBehavior [ RunTime:0.023062s ]
INFO: [ view_parse ] --END-- [ RunTime:0.023407s ]
INFO: [ view_filter ] --START--
INFO: Run Behavior\WriteHtmlCacheBehavior [ RunTime:0.001410s ]
INFO: [ view_filter ] --END-- [ RunTime:0.001867s ]
INFO: [ app_end ] --START--
INFO: Run Behavior\ShowPageTraceBehavior [ RunTime:0.001148s ]
INFO: [ app_end ] --END-- [ RunTime:0.001446s ]

[ 2016-02-24T17:15:10+08:00 ] 127.0.0.1 /2016/thinkphp/Home/Zoo/index
INFO: [ app_init ] --START--
INFO: Run Behavior\BuildLiteBehavior [ RunTime:0.000071s ]
INFO: [ app_init ] --END-- [ RunTime:0.001469s ]
INFO: [ app_begin ] --START--
INFO: Run Behavior\ReadHtmlCacheBehavior [ RunTime:0.001611s ]
INFO: [ app_begin ] --END-- [ RunTime:0.002227s ]
SQL: SHOW COLUMNS FROM `tb_zoo` [ RunTime:0.0081s ]
SQL: SELECT * FROM `tb_zoo`  [ RunTime:0.0007s ]
INFO: [ view_parse ] --START--
INFO: [ template_filter ] --START--
INFO: Run Behavior\ContentReplaceBehavior [ RunTime:0.000109s ]
INFO: [ template_filter ] --END-- [ RunTime:0.000368s ]
NOTIC: [8] Undefined variable: Zoo_info G:\wamp\www\2016\thinkphp\Application\Runtime\Cache\Home\4bf19818434dd7906d49ee89a8f4ac9c.php 第 22 行.
NOTIC: [8] Use of undefined constant add - assumed 'add' G:\wamp\www\2016\thinkphp\Application\Runtime\Cache\Home\4bf19818434dd7906d49ee89a8f4ac9c.php 第 31 行.
INFO: Run Behavior\ParseTemplateBehavior [ RunTime:0.019062s ]
INFO: [ view_parse ] --END-- [ RunTime:0.019339s ]
INFO: [ view_filter ] --START--
INFO: Run Behavior\WriteHtmlCacheBehavior [ RunTime:0.000661s ]
INFO: [ view_filter ] --END-- [ RunTime:0.000884s ]
INFO: [ app_end ] --START--
INFO: Run Behavior\ShowPageTraceBehavior [ RunTime:0.001753s ]
INFO: [ app_end ] --END-- [ RunTime:0.002026s ]

[ 2016-02-24T17:15:16+08:00 ] 127.0.0.1 /2016/thinkphp/Home/Zoo/index
INFO: [ app_init ] --START--
INFO: Run Behavior\BuildLiteBehavior [ RunTime:0.000068s ]
INFO: [ app_init ] --END-- [ RunTime:0.001476s ]
INFO: [ app_begin ] --START--
INFO: Run Behavior\ReadHtmlCacheBehavior [ RunTime:0.001460s ]
INFO: [ app_begin ] --END-- [ RunTime:0.001776s ]
SQL: SHOW COLUMNS FROM `tb_zoo` [ RunTime:0.0078s ]
SQL: SELECT * FROM `tb_zoo`  [ RunTime:0.0004s ]
INFO: [ view_parse ] --START--
INFO: [ template_filter ] --START--
INFO: Run Behavior\ContentReplaceBehavior [ RunTime:0.000124s ]
INFO: [ template_filter ] --END-- [ RunTime:0.000350s ]
NOTIC: [8] Undefined variable: Zoo_info G:\wamp\www\2016\thinkphp\Application\Runtime\Cache\Home\4bf19818434dd7906d49ee89a8f4ac9c.php 第 22 行.
NOTIC: [8] Use of undefined constant add - assumed 'add' G:\wamp\www\2016\thinkphp\Application\Runtime\Cache\Home\4bf19818434dd7906d49ee89a8f4ac9c.php 第 31 行.
INFO: Run Behavior\ParseTemplateBehavior [ RunTime:0.017175s ]
INFO: [ view_parse ] --END-- [ RunTime:0.017397s ]
INFO: [ view_filter ] --START--
INFO: Run Behavior\WriteHtmlCacheBehavior [ RunTime:0.000642s ]
INFO: [ view_filter ] --END-- [ RunTime:0.000866s ]
INFO: [ app_end ] --START--
INFO: Run Behavior\ShowPageTraceBehavior [ RunTime:0.000818s ]
INFO: [ app_end ] --END-- [ RunTime:0.001048s ]

[ 2016-02-24T17:15:17+08:00 ] 127.0.0.1 /2016/thinkphp/Home/Zoo/index
INFO: [ app_init ] --START--
INFO: Run Behavior\BuildLiteBehavior [ RunTime:0.000053s ]
INFO: [ app_init ] --END-- [ RunTime:0.000941s ]
INFO: [ app_begin ] --START--
INFO: Run Behavior\ReadHtmlCacheBehavior [ RunTime:0.002097s ]
INFO: [ app_begin ] --END-- [ RunTime:0.002599s ]
SQL: SHOW COLUMNS FROM `tb_zoo` [ RunTime:0.0065s ]
SQL: SELECT * FROM `tb_zoo`  [ RunTime:0.0004s ]
INFO: [ view_parse ] --START--
INFO: [ template_filter ] --START--
INFO: Run Behavior\ContentReplaceBehavior [ RunTime:0.000110s ]
INFO: [ template_filter ] --END-- [ RunTime:0.000344s ]
NOTIC: [8] Undefined variable: Zoo_info G:\wamp\www\2016\thinkphp\Application\Runtime\Cache\Home\4bf19818434dd7906d49ee89a8f4ac9c.php 第 22 行.
NOTIC: [8] Use of undefined constant add - assumed 'add' G:\wamp\www\2016\thinkphp\Application\Runtime\Cache\Home\4bf19818434dd7906d49ee89a8f4ac9c.php 第 31 行.
INFO: Run Behavior\ParseTemplateBehavior [ RunTime:0.021275s ]
INFO: [ view_parse ] --END-- [ RunTime:0.021500s ]
INFO: [ view_filter ] --START--
INFO: Run Behavior\WriteHtmlCacheBehavior [ RunTime:0.000627s ]
INFO: [ view_filter ] --END-- [ RunTime:0.000860s ]
INFO: [ app_end ] --START--
INFO: Run Behavior\ShowPageTraceBehavior [ RunTime:0.000811s ]
INFO: [ app_end ] --END-- [ RunTime:0.001034s ]

[ 2016-02-24T17:26:38+08:00 ] 127.0.0.1 /2016/thinkphp/Home/Zoo/index
INFO: [ app_init ] --START--
INFO: Run Behavior\BuildLiteBehavior [ RunTime:0.000048s ]
INFO: [ app_init ] --END-- [ RunTime:0.000852s ]
INFO: [ app_begin ] --START--
INFO: Run Behavior\ReadHtmlCacheBehavior [ RunTime:0.000948s ]
INFO: [ app_begin ] --END-- [ RunTime:0.001187s ]
SQL: SHOW COLUMNS FROM `tb_zoo` [ RunTime:0.0060s ]
SQL: SELECT * FROM `tb_zoo`  [ RunTime:0.0004s ]
INFO: [ view_parse ] --START--
INFO: [ template_filter ] --START--
INFO: Run Behavior\ContentReplaceBehavior [ RunTime:0.000106s ]
INFO: [ template_filter ] --END-- [ RunTime:0.000330s ]
NOTIC: [8] Use of undefined constant index - assumed 'index' G:\wamp\www\2016\thinkphp\Application\Runtime\Cache\Home\4bf19818434dd7906d49ee89a8f4ac9c.php 第 22 行.
NOTIC: [8] Use of undefined constant add - assumed 'add' G:\wamp\www\2016\thinkphp\Application\Runtime\Cache\Home\4bf19818434dd7906d49ee89a8f4ac9c.php 第 34 行.
INFO: Run Behavior\ParseTemplateBehavior [ RunTime:0.018675s ]
INFO: [ view_parse ] --END-- [ RunTime:0.018933s ]
INFO: [ view_filter ] --START--
INFO: Run Behavior\WriteHtmlCacheBehavior [ RunTime:0.000780s ]
INFO: [ view_filter ] --END-- [ RunTime:0.001005s ]
INFO: [ app_end ] --START--
INFO: Run Behavior\ShowPageTraceBehavior [ RunTime:0.000953s ]
INFO: [ app_end ] --END-- [ RunTime:0.001178s ]

[ 2016-02-24T17:27:48+08:00 ] 127.0.0.1 /2016/thinkphp/Home/Zoo/index
INFO: [ app_init ] --START--
INFO: Run Behavior\BuildLiteBehavior [ RunTime:0.000048s ]
INFO: [ app_init ] --END-- [ RunTime:0.000772s ]
INFO: [ app_begin ] --START--
INFO: Run Behavior\ReadHtmlCacheBehavior [ RunTime:0.000887s ]
INFO: [ app_begin ] --END-- [ RunTime:0.001192s ]
SQL: SHOW COLUMNS FROM `tb_zoo` [ RunTime:0.0065s ]
SQL: SELECT * FROM `tb_zoo`  [ RunTime:0.0004s ]
INFO: [ view_parse ] --START--
INFO: [ template_filter ] --START--
INFO: Run Behavior\ContentReplaceBehavior [ RunTime:0.000109s ]
INFO: [ template_filter ] --END-- [ RunTime:0.000345s ]
NOTIC: [8] Use of undefined constant index - assumed 'index' G:\wamp\www\2016\thinkphp\Application\Runtime\Cache\Home\4bf19818434dd7906d49ee89a8f4ac9c.php 第 22 行.
NOTIC: [8] Use of undefined constant add - assumed 'add' G:\wamp\www\2016\thinkphp\Application\Runtime\Cache\Home\4bf19818434dd7906d49ee89a8f4ac9c.php 第 34 行.
INFO: Run Behavior\ParseTemplateBehavior [ RunTime:0.016194s ]
INFO: [ view_parse ] --END-- [ RunTime:0.016413s ]
INFO: [ view_filter ] --START--
INFO: Run Behavior\WriteHtmlCacheBehavior [ RunTime:0.000575s ]
INFO: [ view_filter ] --END-- [ RunTime:0.000813s ]
INFO: [ app_end ] --START--
INFO: Run Behavior\ShowPageTraceBehavior [ RunTime:0.001418s ]
INFO: [ app_end ] --END-- [ RunTime:0.001726s ]

[ 2016-02-24T17:27:49+08:00 ] 127.0.0.1 /2016/thinkphp/Home/Zoo/index
INFO: [ app_init ] --START--
INFO: Run Behavior\BuildLiteBehavior [ RunTime:0.000064s ]
INFO: [ app_init ] --END-- [ RunTime:0.000894s ]
INFO: [ app_begin ] --START--
INFO: Run Behavior\ReadHtmlCacheBehavior [ RunTime:0.000823s ]
INFO: [ app_begin ] --END-- [ RunTime:0.001059s ]
SQL: SHOW COLUMNS FROM `tb_zoo` [ RunTime:0.0093s ]
SQL: SELECT * FROM `tb_zoo`  [ RunTime:0.0006s ]
INFO: [ view_parse ] --START--
INFO: [ template_filter ] --START--
INFO: Run Behavior\ContentReplaceBehavior [ RunTime:0.000107s ]
INFO: [ template_filter ] --END-- [ RunTime:0.000331s ]
NOTIC: [8] Use of undefined constant index - assumed 'index' G:\wamp\www\2016\thinkphp\Application\Runtime\Cache\Home\4bf19818434dd7906d49ee89a8f4ac9c.php 第 22 行.
NOTIC: [8] Use of undefined constant add - assumed 'add' G:\wamp\www\2016\thinkphp\Application\Runtime\Cache\Home\4bf19818434dd7906d49ee89a8f4ac9c.php 第 34 行.
INFO: Run Behavior\ParseTemplateBehavior [ RunTime:0.018848s ]
INFO: [ view_parse ] --END-- [ RunTime:0.019186s ]
INFO: [ view_filter ] --START--
INFO: Run Behavior\WriteHtmlCacheBehavior [ RunTime:0.000633s ]
INFO: [ view_filter ] --END-- [ RunTime:0.000851s ]
INFO: [ app_end ] --START--
INFO: Run Behavior\ShowPageTraceBehavior [ RunTime:0.000881s ]
INFO: [ app_end ] --END-- [ RunTime:0.001186s ]

[ 2016-02-24T17:27:49+08:00 ] 127.0.0.1 /2016/thinkphp/Home/Zoo/index
INFO: [ app_init ] --START--
INFO: Run Behavior\BuildLiteBehavior [ RunTime:0.000066s ]
INFO: [ app_init ] --END-- [ RunTime:0.000777s ]
INFO: [ app_begin ] --START--
INFO: Run Behavior\ReadHtmlCacheBehavior [ RunTime:0.000804s ]
INFO: [ app_begin ] --END-- [ RunTime:0.001038s ]
SQL: SHOW COLUMNS FROM `tb_zoo` [ RunTime:0.0068s ]
SQL: SELECT * FROM `tb_zoo`  [ RunTime:0.0004s ]
INFO: [ view_parse ] --START--
INFO: [ template_filter ] --START--
INFO: Run Behavior\ContentReplaceBehavior [ RunTime:0.000116s ]
INFO: [ template_filter ] --END-- [ RunTime:0.000353s ]
NOTIC: [8] Use of undefined constant index - assumed 'index' G:\wamp\www\2016\thinkphp\Application\Runtime\Cache\Home\4bf19818434dd7906d49ee89a8f4ac9c.php 第 22 行.
NOTIC: [8] Use of undefined constant add - assumed 'add' G:\wamp\www\2016\thinkphp\Application\Runtime\Cache\Home\4bf19818434dd7906d49ee89a8f4ac9c.php 第 34 行.
INFO: Run Behavior\ParseTemplateBehavior [ RunTime:0.019404s ]
INFO: [ view_parse ] --END-- [ RunTime:0.019625s ]
INFO: [ view_filter ] --START--
INFO: Run Behavior\WriteHtmlCacheBehavior [ RunTime:0.000623s ]
INFO: [ view_filter ] --END-- [ RunTime:0.000844s ]
INFO: [ app_end ] --START--
INFO: Run Behavior\ShowPageTraceBehavior [ RunTime:0.000790s ]
INFO: [ app_end ] --END-- [ RunTime:0.001015s ]

[ 2016-02-24T17:28:01+08:00 ] 127.0.0.1 /2016/thinkphp/Home/Zoo/index
INFO: [ app_init ] --START--
INFO: Run Behavior\BuildLiteBehavior [ RunTime:0.000072s ]
INFO: [ app_init ] --END-- [ RunTime:0.001195s ]
INFO: [ app_begin ] --START--
INFO: Run Behavior\ReadHtmlCacheBehavior [ RunTime:0.001795s ]
INFO: [ app_begin ] --END-- [ RunTime:0.002343s ]
SQL: SHOW COLUMNS FROM `tb_zoo` [ RunTime:0.0061s ]
SQL: SELECT * FROM `tb_zoo`  [ RunTime:0.0005s ]
INFO: [ view_parse ] --START--
INFO: [ template_filter ] --START--
INFO: Run Behavior\ContentReplaceBehavior [ RunTime:0.000341s ]
INFO: [ template_filter ] --END-- [ RunTime:0.000700s ]
NOTIC: [8] Use of undefined constant index - assumed 'index' G:\wamp\www\2016\thinkphp\Application\Runtime\Cache\Home\4bf19818434dd7906d49ee89a8f4ac9c.php 第 22 行.
NOTIC: [8] Use of undefined constant add - assumed 'add' G:\wamp\www\2016\thinkphp\Application\Runtime\Cache\Home\4bf19818434dd7906d49ee89a8f4ac9c.php 第 34 行.
INFO: Run Behavior\ParseTemplateBehavior [ RunTime:0.022694s ]
INFO: [ view_parse ] --END-- [ RunTime:0.023012s ]
INFO: [ view_filter ] --START--
INFO: Run Behavior\WriteHtmlCacheBehavior [ RunTime:0.000736s ]
INFO: [ view_filter ] --END-- [ RunTime:0.001027s ]
INFO: [ app_end ] --START--
INFO: Run Behavior\ShowPageTraceBehavior [ RunTime:0.001100s ]
INFO: [ app_end ] --END-- [ RunTime:0.001438s ]

[ 2016-02-24T17:28:01+08:00 ] 127.0.0.1 /2016/thinkphp/Home/Zoo/index
INFO: [ app_init ] --START--
INFO: Run Behavior\BuildLiteBehavior [ RunTime:0.000047s ]
INFO: [ app_init ] --END-- [ RunTime:0.000861s ]
INFO: [ app_begin ] --START--
INFO: Run Behavior\ReadHtmlCacheBehavior [ RunTime:0.000854s ]
INFO: [ app_begin ] --END-- [ RunTime:0.001097s ]
SQL: SHOW COLUMNS FROM `tb_zoo` [ RunTime:0.0061s ]
SQL: SELECT * FROM `tb_zoo`  [ RunTime:0.0006s ]
INFO: [ view_parse ] --START--
INFO: [ template_filter ] --START--
INFO: Run Behavior\ContentReplaceBehavior [ RunTime:0.000111s ]
INFO: [ template_filter ] --END-- [ RunTime:0.000434s ]
NOTIC: [8] Use of undefined constant index - assumed 'index' G:\wamp\www\2016\thinkphp\Application\Runtime\Cache\Home\4bf19818434dd7906d49ee89a8f4ac9c.php 第 22 行.
NOTIC: [8] Use of undefined constant add - assumed 'add' G:\wamp\www\2016\thinkphp\Application\Runtime\Cache\Home\4bf19818434dd7906d49ee89a8f4ac9c.php 第 34 行.
INFO: Run Behavior\ParseTemplateBehavior [ RunTime:0.018520s ]
INFO: [ view_parse ] --END-- [ RunTime:0.018816s ]
INFO: [ view_filter ] --START--
INFO: Run Behavior\WriteHtmlCacheBehavior [ RunTime:0.000915s ]
INFO: [ view_filter ] --END-- [ RunTime:0.001362s ]
INFO: [ app_end ] --START--
INFO: Run Behavior\ShowPageTraceBehavior [ RunTime:0.001129s ]
INFO: [ app_end ] --END-- [ RunTime:0.001921s ]

[ 2016-02-24T17:28:10+08:00 ] 127.0.0.1 /2016/thinkphp/Home/Zoo/index.html
INFO: [ app_init ] --START--
INFO: Run Behavior\BuildLiteBehavior [ RunTime:0.000047s ]
INFO: [ app_init ] --END-- [ RunTime:0.000821s ]
INFO: [ app_begin ] --START--
INFO: Run Behavior\ReadHtmlCacheBehavior [ RunTime:0.000822s ]
INFO: [ app_begin ] --END-- [ RunTime:0.001062s ]

[ 2016-02-24T17:32:36+08:00 ] 127.0.0.1 /2016/thinkphp/Home/Zoo/index.html
INFO: [ app_init ] --START--
INFO: Run Behavior\BuildLiteBehavior [ RunTime:0.000048s ]
INFO: [ app_init ] --END-- [ RunTime:0.000934s ]
INFO: [ app_begin ] --START--
INFO: Run Behavior\ReadHtmlCacheBehavior [ RunTime:0.001006s ]
INFO: [ app_begin ] --END-- [ RunTime:0.001250s ]
SQL: SHOW COLUMNS FROM `tb_zoo` [ RunTime:0.0079s ]
NOTIC: [8] Undefined index: abd G:\wamp\www\2016\thinkphp\Application\Home\Controller\ZooController.class.php 第 10 行.

[ 2016-02-24T17:33:03+08:00 ] 127.0.0.1 /2016/thinkphp/Home/Zoo/index.html
INFO: [ app_init ] --START--
INFO: Run Behavior\BuildLiteBehavior [ RunTime:0.000047s ]
INFO: [ app_init ] --END-- [ RunTime:0.000830s ]
INFO: [ app_begin ] --START--
INFO: Run Behavior\ReadHtmlCacheBehavior [ RunTime:0.000835s ]
INFO: [ app_begin ] --END-- [ RunTime:0.001081s ]
SQL: SHOW COLUMNS FROM `tb_zoo` [ RunTime:0.0069s ]

[ 2016-02-24T17:33:16+08:00 ] 127.0.0.1 /2016/thinkphp/Home/Zoo/index.html
INFO: [ app_init ] --START--
INFO: Run Behavior\BuildLiteBehavior [ RunTime:0.000049s ]
INFO: [ app_init ] --END-- [ RunTime:0.000813s ]
INFO: [ app_begin ] --START--
INFO: Run Behavior\ReadHtmlCacheBehavior [ RunTime:0.000879s ]
INFO: [ app_begin ] --END-- [ RunTime:0.001169s ]
SQL: SHOW COLUMNS FROM `tb_zoo` [ RunTime:0.0086s ]

[ 2016-02-24T17:33:25+08:00 ] 127.0.0.1 /2016/thinkphp/Home/Zoo/index.html
INFO: [ app_init ] --START--
INFO: Run Behavior\BuildLiteBehavior [ RunTime:0.000050s ]
INFO: [ app_init ] --END-- [ RunTime:0.001058s ]
INFO: [ app_begin ] --START--
INFO: Run Behavior\ReadHtmlCacheBehavior [ RunTime:0.000981s ]
INFO: [ app_begin ] --END-- [ RunTime:0.001369s ]
SQL: SHOW COLUMNS FROM `tb_zoo` [ RunTime:0.0052s ]

[ 2016-02-24T17:33:33+08:00 ] 127.0.0.1 /2016/thinkphp/Home/Zoo/index.html
INFO: [ app_init ] --START--
INFO: Run Behavior\BuildLiteBehavior [ RunTime:0.000115s ]
INFO: [ app_init ] --END-- [ RunTime:0.001950s ]
INFO: [ app_begin ] --START--
INFO: Run Behavior\ReadHtmlCacheBehavior [ RunTime:0.000893s ]
INFO: [ app_begin ] --END-- [ RunTime:0.001153s ]
SQL: SHOW COLUMNS FROM `tb_zoo` [ RunTime:0.0058s ]
ERR: SQLSTATE[42S22]: Column not found: 1054 Champ '猪' inconnu dans where clause

[ 2016-02-24T17:36:21+08:00 ] 127.0.0.1 /2016/thinkphp/Home/Zoo/index.html
INFO: [ app_init ] --START--
INFO: Run Behavior\BuildLiteBehavior [ RunTime:0.000049s ]
INFO: [ app_init ] --END-- [ RunTime:0.001115s ]
INFO: [ app_begin ] --START--
INFO: Run Behavior\ReadHtmlCacheBehavior [ RunTime:0.001005s ]
INFO: [ app_begin ] --END-- [ RunTime:0.001263s ]
SQL: SHOW COLUMNS FROM `tb_zoo` [ RunTime:0.0059s ]
SQL: SELECT * FROM `tb_zoo` WHERE ( name= '猪' )  [ RunTime:0.0006s ]

[ 2016-02-24T17:36:36+08:00 ] 127.0.0.1 /2016/thinkphp/Home/Zoo/index.html
INFO: [ app_init ] --START--
INFO: Run Behavior\BuildLiteBehavior [ RunTime:0.000050s ]
INFO: [ app_init ] --END-- [ RunTime:0.001227s ]
INFO: [ app_begin ] --START--
INFO: Run Behavior\ReadHtmlCacheBehavior [ RunTime:0.000766s ]
INFO: [ app_begin ] --END-- [ RunTime:0.001082s ]
SQL: SHOW COLUMNS FROM `tb_zoo` [ RunTime:0.0055s ]
SQL: SELECT * FROM `tb_zoo` WHERE ( name= '猪' )  [ RunTime:0.0004s ]
SQL: SELECT * FROM `tb_zoo`  [ RunTime:0.0003s ]
INFO: [ view_parse ] --START--
INFO: [ template_filter ] --START--
INFO: Run Behavior\ContentReplaceBehavior [ RunTime:0.000109s ]
INFO: [ template_filter ] --END-- [ RunTime:0.000344s ]
NOTIC: [8] Use of undefined constant index - assumed 'index' G:\wamp\www\2016\thinkphp\Application\Runtime\Cache\Home\4bf19818434dd7906d49ee89a8f4ac9c.php 第 22 行.
NOTIC: [8] Use of undefined constant add - assumed 'add' G:\wamp\www\2016\thinkphp\Application\Runtime\Cache\Home\4bf19818434dd7906d49ee89a8f4ac9c.php 第 34 行.
INFO: Run Behavior\ParseTemplateBehavior [ RunTime:0.020140s ]
INFO: [ view_parse ] --END-- [ RunTime:0.020432s ]
INFO: [ view_filter ] --START--
INFO: Run Behavior\WriteHtmlCacheBehavior [ RunTime:0.001106s ]
INFO: [ view_filter ] --END-- [ RunTime:0.001380s ]
INFO: [ app_end ] --START--
INFO: Run Behavior\ShowPageTraceBehavior [ RunTime:0.001025s ]
INFO: [ app_end ] --END-- [ RunTime:0.001339s ]

[ 2016-02-24T17:36:41+08:00 ] 127.0.0.1 /2016/thinkphp/Home/Zoo/index.html
INFO: [ app_init ] --START--
INFO: Run Behavior\BuildLiteBehavior [ RunTime:0.000067s ]
INFO: [ app_init ] --END-- [ RunTime:0.001273s ]
INFO: [ app_begin ] --START--
INFO: Run Behavior\ReadHtmlCacheBehavior [ RunTime:0.001052s ]
INFO: [ app_begin ] --END-- [ RunTime:0.001345s ]
SQL: SHOW COLUMNS FROM `tb_zoo` [ RunTime:0.0059s ]
SQL: SELECT * FROM `tb_zoo` WHERE ( name= '猪' )  [ RunTime:0.0004s ]
SQL: SELECT * FROM `tb_zoo`  [ RunTime:0.0004s ]
INFO: [ view_parse ] --START--
INFO: [ template_filter ] --START--
INFO: Run Behavior\ContentReplaceBehavior [ RunTime:0.000162s ]
INFO: [ template_filter ] --END-- [ RunTime:0.000457s ]
NOTIC: [8] Use of undefined constant index - assumed 'index' G:\wamp\www\2016\thinkphp\Application\Runtime\Cache\Home\4bf19818434dd7906d49ee89a8f4ac9c.php 第 22 行.
NOTIC: [8] Use of undefined constant add - assumed 'add' G:\wamp\www\2016\thinkphp\Application\Runtime\Cache\Home\4bf19818434dd7906d49ee89a8f4ac9c.php 第 34 行.
INFO: Run Behavior\ParseTemplateBehavior [ RunTime:0.017494s ]
INFO: [ view_parse ] --END-- [ RunTime:0.017720s ]
INFO: [ view_filter ] --START--
INFO: Run Behavior\WriteHtmlCacheBehavior [ RunTime:0.000579s ]
INFO: [ view_filter ] --END-- [ RunTime:0.000799s ]
INFO: [ app_end ] --START--
INFO: Run Behavior\ShowPageTraceBehavior [ RunTime:0.001336s ]
INFO: [ app_end ] --END-- [ RunTime:0.001589s ]

[ 2016-02-24T17:37:08+08:00 ] 127.0.0.1 /2016/thinkphp/Home/Zoo/index.html
INFO: [ app_init ] --START--
INFO: Run Behavior\BuildLiteBehavior [ RunTime:0.000049s ]
INFO: [ app_init ] --END-- [ RunTime:0.000929s ]
INFO: [ app_begin ] --START--
INFO: Run Behavior\ReadHtmlCacheBehavior [ RunTime:0.000800s ]
INFO: [ app_begin ] --END-- [ RunTime:0.001079s ]
SQL: SHOW COLUMNS FROM `tb_zoo` [ RunTime:0.0075s ]
SQL: SELECT * FROM `tb_zoo` WHERE ( name= '猪' )  [ RunTime:0.0007s ]
INFO: [ view_parse ] --START--
INFO: [ template_filter ] --START--
INFO: Run Behavior\ContentReplaceBehavior [ RunTime:0.000119s ]
INFO: [ template_filter ] --END-- [ RunTime:0.000438s ]
NOTIC: [8] Use of undefined constant index - assumed 'index' G:\wamp\www\2016\thinkphp\Application\Runtime\Cache\Home\4bf19818434dd7906d49ee89a8f4ac9c.php 第 22 行.
NOTIC: [8] Use of undefined constant add - assumed 'add' G:\wamp\www\2016\thinkphp\Application\Runtime\Cache\Home\4bf19818434dd7906d49ee89a8f4ac9c.php 第 34 行.
INFO: Run Behavior\ParseTemplateBehavior [ RunTime:0.016511s ]
INFO: [ view_parse ] --END-- [ RunTime:0.016771s ]
INFO: [ view_filter ] --START--
INFO: Run Behavior\WriteHtmlCacheBehavior [ RunTime:0.000655s ]
INFO: [ view_filter ] --END-- [ RunTime:0.000955s ]
INFO: [ app_end ] --START--
INFO: Run Behavior\ShowPageTraceBehavior [ RunTime:0.001363s ]
INFO: [ app_end ] --END-- [ RunTime:0.001618s ]

[ 2016-02-24T17:37:16+08:00 ] 127.0.0.1 /2016/thinkphp/Home/Zoo/index.html
INFO: [ app_init ] --START--
INFO: Run Behavior\BuildLiteBehavior [ RunTime:0.000047s ]
INFO: [ app_init ] --END-- [ RunTime:0.000886s ]
INFO: [ app_begin ] --START--
INFO: Run Behavior\ReadHtmlCacheBehavior [ RunTime:0.000825s ]
INFO: [ app_begin ] --END-- [ RunTime:0.001067s ]
SQL: SHOW COLUMNS FROM `tb_zoo` [ RunTime:0.0056s ]
SQL: SELECT * FROM `tb_zoo` WHERE ( name= '鸡' )  [ RunTime:0.0014s ]
INFO: [ view_parse ] --START--
INFO: [ template_filter ] --START--
INFO: Run Behavior\ContentReplaceBehavior [ RunTime:0.000106s ]
INFO: [ template_filter ] --END-- [ RunTime:0.000328s ]
NOTIC: [8] Use of undefined constant index - assumed 'index' G:\wamp\www\2016\thinkphp\Application\Runtime\Cache\Home\4bf19818434dd7906d49ee89a8f4ac9c.php 第 22 行.
NOTIC: [8] Use of undefined constant add - assumed 'add' G:\wamp\www\2016\thinkphp\Application\Runtime\Cache\Home\4bf19818434dd7906d49ee89a8f4ac9c.php 第 34 行.
INFO: Run Behavior\ParseTemplateBehavior [ RunTime:0.014457s ]
INFO: [ view_parse ] --END-- [ RunTime:0.014692s ]
INFO: [ view_filter ] --START--
INFO: Run Behavior\WriteHtmlCacheBehavior [ RunTime:0.000676s ]
INFO: [ view_filter ] --END-- [ RunTime:0.000937s ]
INFO: [ app_end ] --START--
INFO: Run Behavior\ShowPageTraceBehavior [ RunTime:0.001569s ]
INFO: [ app_end ] --END-- [ RunTime:0.001833s ]

[ 2016-02-24T17:40:17+08:00 ] 127.0.0.1 /2016/thinkphp/Home/Zoo/index.html
INFO: [ app_init ] --START--
INFO: Run Behavior\BuildLiteBehavior [ RunTime:0.000047s ]
INFO: [ app_init ] --END-- [ RunTime:0.000839s ]
INFO: [ app_begin ] --START--
INFO: Run Behavior\ReadHtmlCacheBehavior [ RunTime:0.001151s ]
INFO: [ app_begin ] --END-- [ RunTime:0.001585s ]
SQL: SHOW COLUMNS FROM `tb_zoo` [ RunTime:0.0052s ]
SQL: SELECT * FROM `tb_zoo` WHERE ( name= '鸡' )  [ RunTime:0.0004s ]
INFO: [ view_parse ] --START--
INFO: [ template_filter ] --START--
INFO: Run Behavior\ContentReplaceBehavior [ RunTime:0.000166s ]
INFO: [ template_filter ] --END-- [ RunTime:0.000505s ]
NOTIC: [8] Use of undefined constant index - assumed 'index' G:\wamp\www\2016\thinkphp\Application\Runtime\Cache\Home\4bf19818434dd7906d49ee89a8f4ac9c.php 第 22 行.
NOTIC: [8] Use of undefined constant add - assumed 'add' G:\wamp\www\2016\thinkphp\Application\Runtime\Cache\Home\4bf19818434dd7906d49ee89a8f4ac9c.php 第 34 行.
INFO: Run Behavior\ParseTemplateBehavior [ RunTime:0.019938s ]
INFO: [ view_parse ] --END-- [ RunTime:0.020162s ]
INFO: [ view_filter ] --START--
INFO: Run Behavior\WriteHtmlCacheBehavior [ RunTime:0.000714s ]
INFO: [ view_filter ] --END-- [ RunTime:0.000950s ]
INFO: [ app_end ] --START--
INFO: Run Behavior\ShowPageTraceBehavior [ RunTime:0.001017s ]
INFO: [ app_end ] --END-- [ RunTime:0.001318s ]

[ 2016-02-24T17:40:24+08:00 ] 127.0.0.1 /2016/thinkphp/Home/Zoo/index
INFO: [ app_init ] --START--
INFO: Run Behavior\BuildLiteBehavior [ RunTime:0.000067s ]
INFO: [ app_init ] --END-- [ RunTime:0.001236s ]
INFO: [ app_begin ] --START--
INFO: Run Behavior\ReadHtmlCacheBehavior [ RunTime:0.000919s ]
INFO: [ app_begin ] --END-- [ RunTime:0.001169s ]
SQL: SHOW COLUMNS FROM `tb_zoo` [ RunTime:0.0059s ]
SQL: SELECT * FROM `tb_zoo`  [ RunTime:0.0005s ]
INFO: [ view_parse ] --START--
INFO: [ template_filter ] --START--
INFO: Run Behavior\ContentReplaceBehavior [ RunTime:0.000227s ]
INFO: [ template_filter ] --END-- [ RunTime:0.000691s ]
NOTIC: [8] Use of undefined constant index - assumed 'index' G:\wamp\www\2016\thinkphp\Application\Runtime\Cache\Home\4bf19818434dd7906d49ee89a8f4ac9c.php 第 22 行.
NOTIC: [8] Use of undefined constant add - assumed 'add' G:\wamp\www\2016\thinkphp\Application\Runtime\Cache\Home\4bf19818434dd7906d49ee89a8f4ac9c.php 第 34 行.
INFO: Run Behavior\ParseTemplateBehavior [ RunTime:0.018443s ]
INFO: [ view_parse ] --END-- [ RunTime:0.018745s ]
INFO: [ view_filter ] --START--
INFO: Run Behavior\WriteHtmlCacheBehavior [ RunTime:0.000626s ]
INFO: [ view_filter ] --END-- [ RunTime:0.000867s ]
INFO: [ app_end ] --START--
INFO: Run Behavior\ShowPageTraceBehavior [ RunTime:0.000801s ]
INFO: [ app_end ] --END-- [ RunTime:0.001027s ]

[ 2016-02-24T17:43:27+08:00 ] 127.0.0.1 /2016/thinkphp/Home/Zoo/index.html
INFO: [ app_init ] --START--
INFO: Run Behavior\BuildLiteBehavior [ RunTime:0.000048s ]
INFO: [ app_init ] --END-- [ RunTime:0.000902s ]
INFO: [ app_begin ] --START--
INFO: Run Behavior\ReadHtmlCacheBehavior [ RunTime:0.002432s ]
INFO: [ app_begin ] --END-- [ RunTime:0.002740s ]
SQL: SHOW COLUMNS FROM `tb_zoo` [ RunTime:0.0064s ]
SQL: SELECT * FROM `tb_zoo` WHERE ( name= '' )  [ RunTime:0.0006s ]
INFO: [ view_parse ] --START--
INFO: [ template_filter ] --START--
INFO: Run Behavior\ContentReplaceBehavior [ RunTime:0.000143s ]
INFO: [ template_filter ] --END-- [ RunTime:0.000388s ]
NOTIC: [8] Use of undefined constant index - assumed 'index' G:\wamp\www\2016\thinkphp\Application\Runtime\Cache\Home\4bf19818434dd7906d49ee89a8f4ac9c.php 第 22 行.
NOTIC: [8] Use of undefined constant add - assumed 'add' G:\wamp\www\2016\thinkphp\Application\Runtime\Cache\Home\4bf19818434dd7906d49ee89a8f4ac9c.php 第 34 行.
INFO: Run Behavior\ParseTemplateBehavior [ RunTime:0.016888s ]
INFO: [ view_parse ] --END-- [ RunTime:0.017112s ]
INFO: [ view_filter ] --START--
INFO: Run Behavior\WriteHtmlCacheBehavior [ RunTime:0.000742s ]
INFO: [ view_filter ] --END-- [ RunTime:0.000973s ]
INFO: [ app_end ] --START--
INFO: Run Behavior\ShowPageTraceBehavior [ RunTime:0.000957s ]
INFO: [ app_end ] --END-- [ RunTime:0.001181s ]

[ 2016-02-24T17:43:27+08:00 ] 127.0.0.1 /2016/thinkphp/Home/Zoo/index.html
INFO: [ app_init ] --START--
INFO: Run Behavior\BuildLiteBehavior [ RunTime:0.000060s ]
INFO: [ app_init ] --END-- [ RunTime:0.002687s ]
INFO: [ app_begin ] --START--
INFO: Run Behavior\ReadHtmlCacheBehavior [ RunTime:0.001305s ]
INFO: [ app_begin ] --END-- [ RunTime:0.001858s ]
SQL: SHOW COLUMNS FROM `tb_zoo` [ RunTime:0.0074s ]
SQL: SELECT * FROM `tb_zoo` WHERE ( name= '' )  [ RunTime:0.0005s ]
INFO: [ view_parse ] --START--
INFO: [ template_filter ] --START--
INFO: Run Behavior\ContentReplaceBehavior [ RunTime:0.000107s ]
INFO: [ template_filter ] --END-- [ RunTime:0.000333s ]
NOTIC: [8] Use of undefined constant index - assumed 'index' G:\wamp\www\2016\thinkphp\Application\Runtime\Cache\Home\4bf19818434dd7906d49ee89a8f4ac9c.php 第 22 行.
NOTIC: [8] Use of undefined constant add - assumed 'add' G:\wamp\www\2016\thinkphp\Application\Runtime\Cache\Home\4bf19818434dd7906d49ee89a8f4ac9c.php 第 34 行.
INFO: Run Behavior\ParseTemplateBehavior [ RunTime:0.014880s ]
INFO: [ view_parse ] --END-- [ RunTime:0.015103s ]
INFO: [ view_filter ] --START--
INFO: Run Behavior\WriteHtmlCacheBehavior [ RunTime:0.000568s ]
INFO: [ view_filter ] --END-- [ RunTime:0.000790s ]
INFO: [ app_end ] --START--
INFO: Run Behavior\ShowPageTraceBehavior [ RunTime:0.000813s ]
INFO: [ app_end ] --END-- [ RunTime:0.001053s ]

[ 2016-02-24T17:43:28+08:00 ] 127.0.0.1 /2016/thinkphp/Home/Zoo/index.html
INFO: [ app_init ] --START--
INFO: Run Behavior\BuildLiteBehavior [ RunTime:0.000046s ]
INFO: [ app_init ] --END-- [ RunTime:0.000770s ]
INFO: [ app_begin ] --START--
INFO: Run Behavior\ReadHtmlCacheBehavior [ RunTime:0.000979s ]
INFO: [ app_begin ] --END-- [ RunTime:0.001296s ]
SQL: SHOW COLUMNS FROM `tb_zoo` [ RunTime:0.0059s ]
SQL: SELECT * FROM `tb_zoo` WHERE ( name= '' )  [ RunTime:0.0006s ]
INFO: [ view_parse ] --START--
INFO: [ template_filter ] --START--
INFO: Run Behavior\ContentReplaceBehavior [ RunTime:0.000113s ]
INFO: [ template_filter ] --END-- [ RunTime:0.000354s ]
NOTIC: [8] Use of undefined constant index - assumed 'index' G:\wamp\www\2016\thinkphp\Application\Runtime\Cache\Home\4bf19818434dd7906d49ee89a8f4ac9c.php 第 22 行.
NOTIC: [8] Use of undefined constant add - assumed 'add' G:\wamp\www\2016\thinkphp\Application\Runtime\Cache\Home\4bf19818434dd7906d49ee89a8f4ac9c.php 第 34 行.
INFO: Run Behavior\ParseTemplateBehavior [ RunTime:0.017463s ]
INFO: [ view_parse ] --END-- [ RunTime:0.017727s ]
INFO: [ view_filter ] --START--
INFO: Run Behavior\WriteHtmlCacheBehavior [ RunTime:0.000584s ]
INFO: [ view_filter ] --END-- [ RunTime:0.000810s ]
INFO: [ app_end ] --START--
INFO: Run Behavior\ShowPageTraceBehavior [ RunTime:0.002000s ]
INFO: [ app_end ] --END-- [ RunTime:0.002320s ]

[ 2016-02-24T17:43:28+08:00 ] 127.0.0.1 /2016/thinkphp/Home/Zoo/index.html
INFO: [ app_init ] --START--
INFO: Run Behavior\BuildLiteBehavior [ RunTime:0.000047s ]
INFO: [ app_init ] --END-- [ RunTime:0.000755s ]
INFO: [ app_begin ] --START--
INFO: Run Behavior\ReadHtmlCacheBehavior [ RunTime:0.001183s ]
INFO: [ app_begin ] --END-- [ RunTime:0.001511s ]
SQL: SHOW COLUMNS FROM `tb_zoo` [ RunTime:0.0062s ]
SQL: SELECT * FROM `tb_zoo` WHERE ( name= '' )  [ RunTime:0.0004s ]
INFO: [ view_parse ] --START--
INFO: [ template_filter ] --START--
INFO: Run Behavior\ContentReplaceBehavior [ RunTime:0.000130s ]
INFO: [ template_filter ] --END-- [ RunTime:0.000356s ]
NOTIC: [8] Use of undefined constant index - assumed 'index' G:\wamp\www\2016\thinkphp\Application\Runtime\Cache\Home\4bf19818434dd7906d49ee89a8f4ac9c.php 第 22 行.
NOTIC: [8] Use of undefined constant add - assumed 'add' G:\wamp\www\2016\thinkphp\Application\Runtime\Cache\Home\4bf19818434dd7906d49ee89a8f4ac9c.php 第 34 行.
INFO: Run Behavior\ParseTemplateBehavior [ RunTime:0.016040s ]
INFO: [ view_parse ] --END-- [ RunTime:0.016301s ]
INFO: [ view_filter ] --START--
INFO: Run Behavior\WriteHtmlCacheBehavior [ RunTime:0.000666s ]
INFO: [ view_filter ] --END-- [ RunTime:0.000937s ]
INFO: [ app_end ] --START--
INFO: Run Behavior\ShowPageTraceBehavior [ RunTime:0.000805s ]
INFO: [ app_end ] --END-- [ RunTime:0.001090s ]

[ 2016-02-24T17:43:29+08:00 ] 127.0.0.1 /2016/thinkphp/Home/Zoo/index.html
INFO: [ app_init ] --START--
INFO: Run Behavior\BuildLiteBehavior [ RunTime:0.000051s ]
INFO: [ app_init ] --END-- [ RunTime:0.000824s ]
INFO: [ app_begin ] --START--
INFO: Run Behavior\ReadHtmlCacheBehavior [ RunTime:0.001640s ]
INFO: [ app_begin ] --END-- [ RunTime:0.002046s ]
SQL: SHOW COLUMNS FROM `tb_zoo` [ RunTime:0.0062s ]
SQL: SELECT * FROM `tb_zoo` WHERE ( name= '' )  [ RunTime:0.0004s ]
INFO: [ view_parse ] --START--
INFO: [ template_filter ] --START--
INFO: Run Behavior\ContentReplaceBehavior [ RunTime:0.000107s ]
INFO: [ template_filter ] --END-- [ RunTime:0.000347s ]
NOTIC: [8] Use of undefined constant index - assumed 'index' G:\wamp\www\2016\thinkphp\Application\Runtime\Cache\Home\4bf19818434dd7906d49ee89a8f4ac9c.php 第 22 行.
NOTIC: [8] Use of undefined constant add - assumed 'add' G:\wamp\www\2016\thinkphp\Application\Runtime\Cache\Home\4bf19818434dd7906d49ee89a8f4ac9c.php 第 34 行.
INFO: Run Behavior\ParseTemplateBehavior [ RunTime:0.016526s ]
INFO: [ view_parse ] --END-- [ RunTime:0.016749s ]
INFO: [ view_filter ] --START--
INFO: Run Behavior\WriteHtmlCacheBehavior [ RunTime:0.000564s ]
INFO: [ view_filter ] --END-- [ RunTime:0.000818s ]
INFO: [ app_end ] --START--
INFO: Run Behavior\ShowPageTraceBehavior [ RunTime:0.000882s ]
INFO: [ app_end ] --END-- [ RunTime:0.001106s ]

[ 2016-02-24T17:43:32+08:00 ] 127.0.0.1 /2016/thinkphp/Home/Zoo/index.html
INFO: [ app_init ] --START--
INFO: Run Behavior\BuildLiteBehavior [ RunTime:0.000068s ]
INFO: [ app_init ] --END-- [ RunTime:0.001353s ]
INFO: [ app_begin ] --START--
INFO: Run Behavior\ReadHtmlCacheBehavior [ RunTime:0.001234s ]
INFO: [ app_begin ] --END-- [ RunTime:0.001607s ]
SQL: SHOW COLUMNS FROM `tb_zoo` [ RunTime:0.0057s ]
SQL: SELECT * FROM `tb_zoo` WHERE ( name= '狗' )  [ RunTime:0.0004s ]
INFO: [ view_parse ] --START--
INFO: [ template_filter ] --START--
INFO: Run Behavior\ContentReplaceBehavior [ RunTime:0.000109s ]
INFO: [ template_filter ] --END-- [ RunTime:0.000340s ]
NOTIC: [8] Use of undefined constant index - assumed 'index' G:\wamp\www\2016\thinkphp\Application\Runtime\Cache\Home\4bf19818434dd7906d49ee89a8f4ac9c.php 第 22 行.
NOTIC: [8] Use of undefined constant add - assumed 'add' G:\wamp\www\2016\thinkphp\Application\Runtime\Cache\Home\4bf19818434dd7906d49ee89a8f4ac9c.php 第 34 行.
INFO: Run Behavior\ParseTemplateBehavior [ RunTime:0.015478s ]
INFO: [ view_parse ] --END-- [ RunTime:0.015776s ]
INFO: [ view_filter ] --START--
INFO: Run Behavior\WriteHtmlCacheBehavior [ RunTime:0.000677s ]
INFO: [ view_filter ] --END-- [ RunTime:0.000912s ]
INFO: [ app_end ] --START--
INFO: Run Behavior\ShowPageTraceBehavior [ RunTime:0.000904s ]
INFO: [ app_end ] --END-- [ RunTime:0.001126s ]

[ 2016-02-24T17:43:33+08:00 ] 127.0.0.1 /2016/thinkphp/Home/Zoo/index.html
INFO: [ app_init ] --START--
INFO: Run Behavior\BuildLiteBehavior [ RunTime:0.000064s ]
INFO: [ app_init ] --END-- [ RunTime:0.001394s ]
INFO: [ app_begin ] --START--
INFO: Run Behavior\ReadHtmlCacheBehavior [ RunTime:0.001198s ]
INFO: [ app_begin ] --END-- [ RunTime:0.001555s ]
SQL: SHOW COLUMNS FROM `tb_zoo` [ RunTime:0.0061s ]
SQL: SELECT * FROM `tb_zoo` WHERE ( name= '' )  [ RunTime:0.0004s ]
INFO: [ view_parse ] --START--
INFO: [ template_filter ] --START--
INFO: Run Behavior\ContentReplaceBehavior [ RunTime:0.000107s ]
INFO: [ template_filter ] --END-- [ RunTime:0.000336s ]
NOTIC: [8] Use of undefined constant index - assumed 'index' G:\wamp\www\2016\thinkphp\Application\Runtime\Cache\Home\4bf19818434dd7906d49ee89a8f4ac9c.php 第 22 行.
NOTIC: [8] Use of undefined constant add - assumed 'add' G:\wamp\www\2016\thinkphp\Application\Runtime\Cache\Home\4bf19818434dd7906d49ee89a8f4ac9c.php 第 34 行.
INFO: Run Behavior\ParseTemplateBehavior [ RunTime:0.016099s ]
INFO: [ view_parse ] --END-- [ RunTime:0.016373s ]
INFO: [ view_filter ] --START--
INFO: Run Behavior\WriteHtmlCacheBehavior [ RunTime:0.000671s ]
INFO: [ view_filter ] --END-- [ RunTime:0.000926s ]
INFO: [ app_end ] --START--
INFO: Run Behavior\ShowPageTraceBehavior [ RunTime:0.001327s ]
INFO: [ app_end ] --END-- [ RunTime:0.001583s ]

[ 2016-02-24T17:43:33+08:00 ] 127.0.0.1 /2016/thinkphp/Home/Zoo/index.html
INFO: [ app_init ] --START--
INFO: Run Behavior\BuildLiteBehavior [ RunTime:0.000066s ]
INFO: [ app_init ] --END-- [ RunTime:0.001529s ]
INFO: [ app_begin ] --START--
INFO: Run Behavior\ReadHtmlCacheBehavior [ RunTime:0.001208s ]
INFO: [ app_begin ] --END-- [ RunTime:0.001732s ]
SQL: SHOW COLUMNS FROM `tb_zoo` [ RunTime:0.0058s ]
SQL: SELECT * FROM `tb_zoo` WHERE ( name= '' )  [ RunTime:0.0004s ]
INFO: [ view_parse ] --START--
INFO: [ template_filter ] --START--
INFO: Run Behavior\ContentReplaceBehavior [ RunTime:0.000176s ]
INFO: [ template_filter ] --END-- [ RunTime:0.000507s ]
NOTIC: [8] Use of undefined constant index - assumed 'index' G:\wamp\www\2016\thinkphp\Application\Runtime\Cache\Home\4bf19818434dd7906d49ee89a8f4ac9c.php 第 22 行.
NOTIC: [8] Use of undefined constant add - assumed 'add' G:\wamp\www\2016\thinkphp\Application\Runtime\Cache\Home\4bf19818434dd7906d49ee89a8f4ac9c.php 第 34 行.
INFO: Run Behavior\ParseTemplateBehavior [ RunTime:0.018813s ]
INFO: [ view_parse ] --END-- [ RunTime:0.019042s ]
INFO: [ view_filter ] --START--
INFO: Run Behavior\WriteHtmlCacheBehavior [ RunTime:0.000670s ]
INFO: [ view_filter ] --END-- [ RunTime:0.000900s ]
INFO: [ app_end ] --START--
INFO: Run Behavior\ShowPageTraceBehavior [ RunTime:0.001010s ]
INFO: [ app_end ] --END-- [ RunTime:0.001381s ]

[ 2016-02-24T17:43:33+08:00 ] 127.0.0.1 /2016/thinkphp/Home/Zoo/index.html
INFO: [ app_init ] --START--
INFO: Run Behavior\BuildLiteBehavior [ RunTime:0.000048s ]
INFO: [ app_init ] --END-- [ RunTime:0.000924s ]
INFO: [ app_begin ] --START--
INFO: Run Behavior\ReadHtmlCacheBehavior [ RunTime:0.001157s ]
INFO: [ app_begin ] --END-- [ RunTime:0.001492s ]
SQL: SHOW COLUMNS FROM `tb_zoo` [ RunTime:0.0071s ]
SQL: SELECT * FROM `tb_zoo` WHERE ( name= '' )  [ RunTime:0.0004s ]
INFO: [ view_parse ] --START--
INFO: [ template_filter ] --START--
INFO: Run Behavior\ContentReplaceBehavior [ RunTime:0.000144s ]
INFO: [ template_filter ] --END-- [ RunTime:0.000505s ]
NOTIC: [8] Use of undefined constant index - assumed 'index' G:\wamp\www\2016\thinkphp\Application\Runtime\Cache\Home\4bf19818434dd7906d49ee89a8f4ac9c.php 第 22 行.
NOTIC: [8] Use of undefined constant add - assumed 'add' G:\wamp\www\2016\thinkphp\Application\Runtime\Cache\Home\4bf19818434dd7906d49ee89a8f4ac9c.php 第 34 行.
INFO: Run Behavior\ParseTemplateBehavior [ RunTime:0.016141s ]
INFO: [ view_parse ] --END-- [ RunTime:0.016450s ]
INFO: [ view_filter ] --START--
INFO: Run Behavior\WriteHtmlCacheBehavior [ RunTime:0.000661s ]
INFO: [ view_filter ] --END-- [ RunTime:0.000889s ]
INFO: [ app_end ] --START--
INFO: Run Behavior\ShowPageTraceBehavior [ RunTime:0.001063s ]
INFO: [ app_end ] --END-- [ RunTime:0.001373s ]

[ 2016-02-24T17:43:37+08:00 ] 127.0.0.1 /2016/thinkphp/Home/Zoo/index.html
INFO: [ app_init ] --START--
INFO: Run Behavior\BuildLiteBehavior [ RunTime:0.000049s ]
INFO: [ app_init ] --END-- [ RunTime:0.000938s ]
INFO: [ app_begin ] --START--
INFO: Run Behavior\ReadHtmlCacheBehavior [ RunTime:0.000758s ]
INFO: [ app_begin ] --END-- [ RunTime:0.001009s ]
SQL: SHOW COLUMNS FROM `tb_zoo` [ RunTime:0.0062s ]
SQL: SELECT * FROM `tb_zoo` WHERE ( name= '鸡' )  [ RunTime:0.0005s ]
INFO: [ view_parse ] --START--
INFO: [ template_filter ] --START--
INFO: Run Behavior\ContentReplaceBehavior [ RunTime:0.000112s ]
INFO: [ template_filter ] --END-- [ RunTime:0.000387s ]
NOTIC: [8] Use of undefined constant index - assumed 'index' G:\wamp\www\2016\thinkphp\Application\Runtime\Cache\Home\4bf19818434dd7906d49ee89a8f4ac9c.php 第 22 行.
NOTIC: [8] Use of undefined constant add - assumed 'add' G:\wamp\www\2016\thinkphp\Application\Runtime\Cache\Home\4bf19818434dd7906d49ee89a8f4ac9c.php 第 34 行.
INFO: Run Behavior\ParseTemplateBehavior [ RunTime:0.017023s ]
INFO: [ view_parse ] --END-- [ RunTime:0.017255s ]
INFO: [ view_filter ] --START--
INFO: Run Behavior\WriteHtmlCacheBehavior [ RunTime:0.000578s ]
INFO: [ view_filter ] --END-- [ RunTime:0.000807s ]
INFO: [ app_end ] --START--
INFO: Run Behavior\ShowPageTraceBehavior [ RunTime:0.000864s ]
INFO: [ app_end ] --END-- [ RunTime:0.001092s ]

[ 2016-02-24T17:57:57+08:00 ] 127.0.0.1 /2016/thinkphp/Home/Zoo/index.html
INFO: [ app_init ] --START--
INFO: Run Behavior\BuildLiteBehavior [ RunTime:0.000096s ]
INFO: [ app_init ] --END-- [ RunTime:0.003398s ]
INFO: [ app_begin ] --START--
INFO: Run Behavior\ReadHtmlCacheBehavior [ RunTime:0.000939s ]
INFO: [ app_begin ] --END-- [ RunTime:0.001184s ]

[ 2016-02-24T17:58:57+08:00 ] 127.0.0.1 /2016/thinkphp/Home/Zoo/index.html
INFO: [ app_init ] --START--
INFO: Run Behavior\BuildLiteBehavior [ RunTime:0.000049s ]
INFO: [ app_init ] --END-- [ RunTime:0.000914s ]
INFO: [ app_begin ] --START--
INFO: Run Behavior\ReadHtmlCacheBehavior [ RunTime:0.000821s ]
INFO: [ app_begin ] --END-- [ RunTime:0.001062s ]

[ 2016-02-24T18:00:33+08:00 ] 127.0.0.1 /2016/thinkphp/Home/Zoo/index.html
INFO: [ app_init ] --START--
INFO: Run Behavior\BuildLiteBehavior [ RunTime:0.000133s ]
INFO: [ app_init ] --END-- [ RunTime:0.001115s ]
INFO: [ app_begin ] --START--
INFO: Run Behavior\ReadHtmlCacheBehavior [ RunTime:0.001184s ]
INFO: [ app_begin ] --END-- [ RunTime:0.001596s ]
SQL: SHOW COLUMNS FROM `tb_zoo` [ RunTime:0.0062s ]
SQL: SELECT * FROM `tb_zoo` WHERE ( name= '鸡' )  [ RunTime:0.0004s ]
INFO: [ view_parse ] --START--
INFO: [ template_filter ] --START--
INFO: Run Behavior\ContentReplaceBehavior [ RunTime:0.000156s ]
INFO: [ template_filter ] --END-- [ RunTime:0.000496s ]
NOTIC: [8] Use of undefined constant index - assumed 'index' G:\wamp\www\2016\thinkphp\Application\Runtime\Cache\Home\4bf19818434dd7906d49ee89a8f4ac9c.php 第 22 行.
NOTIC: [8] Use of undefined constant add - assumed 'add' G:\wamp\www\2016\thinkphp\Application\Runtime\Cache\Home\4bf19818434dd7906d49ee89a8f4ac9c.php 第 34 行.
INFO: Run Behavior\ParseTemplateBehavior [ RunTime:0.023610s ]
INFO: [ view_parse ] --END-- [ RunTime:0.023965s ]
INFO: [ view_filter ] --START--
INFO: Run Behavior\WriteHtmlCacheBehavior [ RunTime:0.001139s ]
INFO: [ view_filter ] --END-- [ RunTime:0.001443s ]
INFO: [ app_end ] --START--
INFO: Run Behavior\ShowPageTraceBehavior [ RunTime:0.001451s ]
INFO: [ app_end ] --END-- [ RunTime:0.001761s ]

[ 2016-02-24T18:00:35+08:00 ] 127.0.0.1 /2016/thinkphp/Home/Zoo/index.html
INFO: [ app_init ] --START--
INFO: Run Behavior\BuildLiteBehavior [ RunTime:0.000062s ]
INFO: [ app_init ] --END-- [ RunTime:0.001083s ]
INFO: [ app_begin ] --START--
INFO: Run Behavior\ReadHtmlCacheBehavior [ RunTime:0.000873s ]
INFO: [ app_begin ] --END-- [ RunTime:0.001120s ]
SQL: SHOW COLUMNS FROM `tb_zoo` [ RunTime:0.0063s ]
NOTIC: [8] Undefined variable: info G:\wamp\www\2016\thinkphp\Application\Home\Controller\ZooController.class.php 第 20 行.
INFO: [ view_parse ] --START--
INFO: [ template_filter ] --START--
INFO: Run Behavior\ContentReplaceBehavior [ RunTime:0.000111s ]
INFO: [ template_filter ] --END-- [ RunTime:0.000342s ]
NOTIC: [8] Use of undefined constant index - assumed 'index' G:\wamp\www\2016\thinkphp\Application\Runtime\Cache\Home\4bf19818434dd7906d49ee89a8f4ac9c.php 第 22 行.
NOTIC: [8] Use of undefined constant add - assumed 'add' G:\wamp\www\2016\thinkphp\Application\Runtime\Cache\Home\4bf19818434dd7906d49ee89a8f4ac9c.php 第 34 行.
INFO: Run Behavior\ParseTemplateBehavior [ RunTime:0.015895s ]
INFO: [ view_parse ] --END-- [ RunTime:0.016123s ]
INFO: [ view_filter ] --START--
INFO: Run Behavior\WriteHtmlCacheBehavior [ RunTime:0.000673s ]
INFO: [ view_filter ] --END-- [ RunTime:0.000896s ]
INFO: [ app_end ] --START--
INFO: Run Behavior\ShowPageTraceBehavior [ RunTime:0.000900s ]
INFO: [ app_end ] --END-- [ RunTime:0.001144s ]

